<?xml version="1.0" encoding="UTF-8"?>
<robot generator="Robot 5.0 (Python 3.10.4 on win32)" generated="20220620 22:36:40.672" rpa="false" schemaversion="3">
<suite id="s1" name="Armc-Robot-Framework" source="G:\Automation\armc-robot-framework">
<suite id="s1-s1" name="Estruturas" source="G:\Automation\armc-robot-framework\Estruturas">
<suite id="s1-s1-s1" name="UsandoIFs" source="G:\Automation\armc-robot-framework\Estruturas\UsandoIFs.robot">
<test id="s1-s1-s1-t1" name="Caso de teste exemplo 01" line="11">
<kw name="Rodando uma keyword dada uma condição = true">
<kw name="Run Keyword If" library="BuiltIn">
<arg>'${FRUTAS[1]}' == 'banana'</arg>
<arg>Log</arg>
<arg>O item número 1 é a banana!!</arg>
<doc>Runs the given keyword with the given arguments, if ``condition`` is true.</doc>
<kw name="Log" library="BuiltIn">
<arg>O item número 1 é a banana!!</arg>
<doc>Logs the given message with the given level.</doc>
<msg timestamp="20220620 22:36:40.715" level="INFO">O item número 1 é a banana!!</msg>
<status status="PASS" starttime="20220620 22:36:40.715" endtime="20220620 22:36:40.715"/>
</kw>
<status status="PASS" starttime="20220620 22:36:40.714" endtime="20220620 22:36:40.715"/>
</kw>
<status status="PASS" starttime="20220620 22:36:40.714" endtime="20220620 22:36:40.715"/>
</kw>
<kw name="Rodando uma keyword dada uma condição = false">
<kw name="Run Keyword If" library="BuiltIn">
<arg>'${FRUTAS[1]}' == 'maça'</arg>
<arg>Log</arg>
<arg>O item número 1 não é uma maça!!</arg>
<doc>Runs the given keyword with the given arguments, if ``condition`` is true.</doc>
<status status="PASS" starttime="20220620 22:36:40.715" endtime="20220620 22:36:40.716"/>
</kw>
<status status="PASS" starttime="20220620 22:36:40.715" endtime="20220620 22:36:40.716"/>
</kw>
<kw name="Armazenando um valor em uma variável dada uma condição">
<kw name="Set Variable If" library="BuiltIn">
<var>${VAR}</var>
<arg>'${FRUTAS[2]}' == 'uva'</arg>
<arg>uva</arg>
<doc>Sets variable based on the given condition.</doc>
<msg timestamp="20220620 22:36:40.717" level="INFO">${VAR} = uva</msg>
<status status="PASS" starttime="20220620 22:36:40.716" endtime="20220620 22:36:40.717"/>
</kw>
<kw name="Log" library="BuiltIn">
<arg>Minha variável VAR é uma ${VAR}!!</arg>
<doc>Logs the given message with the given level.</doc>
<msg timestamp="20220620 22:36:40.717" level="INFO">Minha variável VAR é uma uva!!</msg>
<status status="PASS" starttime="20220620 22:36:40.717" endtime="20220620 22:36:40.717"/>
</kw>
<status status="PASS" starttime="20220620 22:36:40.716" endtime="20220620 22:36:40.717"/>
</kw>
<status status="PASS" starttime="20220620 22:36:40.713" endtime="20220620 22:36:40.717"/>
</test>
<doc>Suíte para exemplificar o uso de IF nos testes
O IF deve ser pouco utilizado, mas tem hora que não tem jeito
e precisamos dele mesmo, então vamos ver como é!
IF: use com moderação!</doc>
<status status="PASS" starttime="20220620 22:36:40.710" endtime="20220620 22:36:40.718"/>
</suite>
<suite id="s1-s1-s2" name="UsandoLogs" source="G:\Automation\armc-robot-framework\Estruturas\UsandoLogs.robot">
<test id="s1-s1-s2-t1" name="Caso de teste exemplo 01" line="12">
<kw name="Usando LOG para mensagens">
<kw name="Log" library="BuiltIn">
<arg>Minha mensagem de LOG</arg>
<doc>Logs the given message with the given level.</doc>
<msg timestamp="20220620 22:36:41.525" level="INFO">Minha mensagem de LOG</msg>
<status status="PASS" starttime="20220620 22:36:41.525" endtime="20220620 22:36:41.525"/>
</kw>
<kw name="Set Variable" library="BuiltIn">
<var>${VAR}</var>
<arg>variável qualquer</arg>
<doc>Returns the given values which can then be assigned to a variables.</doc>
<msg timestamp="20220620 22:36:41.525" level="INFO">${VAR} = variável qualquer</msg>
<status status="PASS" starttime="20220620 22:36:41.525" endtime="20220620 22:36:41.525"/>
</kw>
<kw name="Log" library="BuiltIn">
<arg>Posso logar uma ${VAR} no meio de um log</arg>
<doc>Logs the given message with the given level.</doc>
<msg timestamp="20220620 22:36:41.526" level="INFO">Posso logar uma variável qualquer no meio de um log</msg>
<status status="PASS" starttime="20220620 22:36:41.526" endtime="20220620 22:36:41.526"/>
</kw>
<status status="PASS" starttime="20220620 22:36:41.525" endtime="20220620 22:36:41.526"/>
</kw>
<kw name="Usando LOG Console">
<kw name="Log To Console" library="BuiltIn">
<arg>Posso logar na saída do console</arg>
<doc>Logs the given message to the console.</doc>
<status status="PASS" starttime="20220620 22:36:41.526" endtime="20220620 22:36:41.527"/>
</kw>
<kw name="Log Many" library="BuiltIn">
<arg>Posso logar minha lista completa @{FRUTAS}</arg>
<doc>Logs the given messages as separate entries using the INFO level.</doc>
<msg timestamp="20220620 22:36:41.527" level="INFO">Posso logar minha lista completa ['maça', 'banana', 'uva', 'abacaxi']</msg>
<status status="PASS" starttime="20220620 22:36:41.527" endtime="20220620 22:36:41.527"/>
</kw>
<kw name="Log" library="BuiltIn">
<arg>Posso logar somente itens da minha lista ${FRUTAS[0]} - ${FRUTAS[1]}</arg>
<doc>Logs the given message with the given level.</doc>
<msg timestamp="20220620 22:36:41.528" level="INFO">Posso logar somente itens da minha lista maça - banana</msg>
<status status="PASS" starttime="20220620 22:36:41.527" endtime="20220620 22:36:41.528"/>
</kw>
<status status="PASS" starttime="20220620 22:36:41.526" endtime="20220620 22:36:41.528"/>
</kw>
<kw name="Usando screen shots">
<kw name="Log" library="BuiltIn">
<arg>Nos testes web, podemos logar Screenshot com a SeleniumLibrary</arg>
<doc>Logs the given message with the given level.</doc>
<msg timestamp="20220620 22:36:41.529" level="INFO">Nos testes web, podemos logar Screenshot com a SeleniumLibrary</msg>
<status status="PASS" starttime="20220620 22:36:41.529" endtime="20220620 22:36:41.529"/>
</kw>
<kw name="Open Browser" library="SeleniumLibrary">
<arg>http://www.robotizandotestes.blogspot.com.br</arg>
<arg>chrome</arg>
<doc>Opens a new browser instance to the optional ``url``.</doc>
<msg timestamp="20220620 22:36:41.529" level="INFO">Opening browser 'chrome' to base url 'http://www.robotizandotestes.blogspot.com.br'.</msg>
<status status="PASS" starttime="20220620 22:36:41.529" endtime="20220620 22:36:46.531"/>
</kw>
<kw name="Capture Page Screenshot" library="SeleniumLibrary">
<arg>nome_do_meuscreenshot.png</arg>
<doc>Takes a screenshot of the current page and embeds it into a log file.</doc>
<msg timestamp="20220620 22:36:46.614" level="INFO" html="true">&lt;/td&gt;&lt;/tr&gt;&lt;tr&gt;&lt;td colspan="3"&gt;&lt;a href="nome_do_meuscreenshot.png"&gt;&lt;img src="nome_do_meuscreenshot.png" width="800px"&gt;&lt;/a&gt;</msg>
<status status="PASS" starttime="20220620 22:36:46.531" endtime="20220620 22:36:46.615"/>
</kw>
<kw name="Close Browser" library="SeleniumLibrary">
<doc>Closes the current browser.</doc>
<status status="PASS" starttime="20220620 22:36:46.615" endtime="20220620 22:36:48.709"/>
</kw>
<status status="PASS" starttime="20220620 22:36:41.528" endtime="20220620 22:36:48.709"/>
</kw>
<status status="PASS" starttime="20220620 22:36:41.524" endtime="20220620 22:36:48.709"/>
</test>
<doc>Suíte para exemplificar o uso de LOGs nos testes
Os LOGs são de grande utilidade, faça LOGs para analisar como seu teste está sendo executado nas entrelinhas
Os LOGs te ajudam a achar falhas na automação dos seus testes
Use LOGs sem moderação!!</doc>
<status status="PASS" starttime="20220620 22:36:40.719" endtime="20220620 22:36:48.710"/>
</suite>
<suite id="s1-s1-s3" name="UsandoLoops" source="G:\Automation\armc-robot-framework\Estruturas\UsandoLoops.robot">
<test id="s1-s1-s3-t1" name="Teste de REPEAT KEYWORD" line="9">
<kw name="Usando Repeat keyword">
<kw name="Log To Console" library="BuiltIn">
<arg>${\n}</arg>
<doc>Logs the given message to the console.</doc>
<status status="PASS" starttime="20220620 22:36:48.714" endtime="20220620 22:36:48.715"/>
</kw>
<kw name="Repeat Keyword" library="BuiltIn">
<arg>8x</arg>
<arg>Log To Console</arg>
<arg>Minha repetição da keyword!!!</arg>
<doc>Executes the specified keyword multiple times.</doc>
<msg timestamp="20220620 22:36:48.715" level="INFO">Repeating keyword, round 1/8.</msg>
<kw name="Log To Console" library="BuiltIn">
<arg>Minha repetição da keyword!!!</arg>
<doc>Logs the given message to the console.</doc>
<status status="PASS" starttime="20220620 22:36:48.715" endtime="20220620 22:36:48.715"/>
</kw>
<msg timestamp="20220620 22:36:48.716" level="INFO">Repeating keyword, round 2/8.</msg>
<kw name="Log To Console" library="BuiltIn">
<arg>Minha repetição da keyword!!!</arg>
<doc>Logs the given message to the console.</doc>
<status status="PASS" starttime="20220620 22:36:48.716" endtime="20220620 22:36:48.716"/>
</kw>
<msg timestamp="20220620 22:36:48.716" level="INFO">Repeating keyword, round 3/8.</msg>
<kw name="Log To Console" library="BuiltIn">
<arg>Minha repetição da keyword!!!</arg>
<doc>Logs the given message to the console.</doc>
<status status="PASS" starttime="20220620 22:36:48.716" endtime="20220620 22:36:48.716"/>
</kw>
<msg timestamp="20220620 22:36:48.716" level="INFO">Repeating keyword, round 4/8.</msg>
<kw name="Log To Console" library="BuiltIn">
<arg>Minha repetição da keyword!!!</arg>
<doc>Logs the given message to the console.</doc>
<status status="PASS" starttime="20220620 22:36:48.716" endtime="20220620 22:36:48.716"/>
</kw>
<msg timestamp="20220620 22:36:48.717" level="INFO">Repeating keyword, round 5/8.</msg>
<kw name="Log To Console" library="BuiltIn">
<arg>Minha repetição da keyword!!!</arg>
<doc>Logs the given message to the console.</doc>
<status status="PASS" starttime="20220620 22:36:48.717" endtime="20220620 22:36:48.717"/>
</kw>
<msg timestamp="20220620 22:36:48.717" level="INFO">Repeating keyword, round 6/8.</msg>
<kw name="Log To Console" library="BuiltIn">
<arg>Minha repetição da keyword!!!</arg>
<doc>Logs the given message to the console.</doc>
<status status="PASS" starttime="20220620 22:36:48.717" endtime="20220620 22:36:48.717"/>
</kw>
<msg timestamp="20220620 22:36:48.717" level="INFO">Repeating keyword, round 7/8.</msg>
<kw name="Log To Console" library="BuiltIn">
<arg>Minha repetição da keyword!!!</arg>
<doc>Logs the given message to the console.</doc>
<status status="PASS" starttime="20220620 22:36:48.717" endtime="20220620 22:36:48.717"/>
</kw>
<msg timestamp="20220620 22:36:48.717" level="INFO">Repeating keyword, round 8/8.</msg>
<kw name="Log To Console" library="BuiltIn">
<arg>Minha repetição da keyword!!!</arg>
<doc>Logs the given message to the console.</doc>
<status status="PASS" starttime="20220620 22:36:48.717" endtime="20220620 22:36:48.718"/>
</kw>
<status status="PASS" starttime="20220620 22:36:48.715" endtime="20220620 22:36:48.718"/>
</kw>
<status status="PASS" starttime="20220620 22:36:48.714" endtime="20220620 22:36:48.718"/>
</kw>
<doc>Chama uma mesma keyword várias vezes</doc>
<status status="PASS" starttime="20220620 22:36:48.714" endtime="20220620 22:36:48.718"/>
</test>
<test id="s1-s1-s3-t2" name="Teste de FOR do tipo IN RANGE" line="13">
<kw name="Usando FOR IN RANGE">
<kw name="Log To Console" library="BuiltIn">
<arg>${\n}</arg>
<doc>Logs the given message to the console.</doc>
<status status="PASS" starttime="20220620 22:36:48.719" endtime="20220620 22:36:48.720"/>
</kw>
<for flavor="IN RANGE">
<var>${CONTADOR}</var>
<value>0</value>
<value>5</value>
<iter>
<var name="${CONTADOR}">0</var>
<kw name="Log To Console" library="BuiltIn">
<arg>Minha posição agora é: ${CONTADOR}</arg>
<doc>Logs the given message to the console.</doc>
<status status="PASS" starttime="20220620 22:36:48.720" endtime="20220620 22:36:48.720"/>
</kw>
<kw name="Log" library="BuiltIn">
<arg>Minha posição agora é: ${CONTADOR}</arg>
<doc>Logs the given message with the given level.</doc>
<msg timestamp="20220620 22:36:48.721" level="INFO">Minha posição agora é: 0</msg>
<status status="PASS" starttime="20220620 22:36:48.721" endtime="20220620 22:36:48.721"/>
</kw>
<status status="PASS" starttime="20220620 22:36:48.720" endtime="20220620 22:36:48.721"/>
</iter>
<iter>
<var name="${CONTADOR}">1</var>
<kw name="Log To Console" library="BuiltIn">
<arg>Minha posição agora é: ${CONTADOR}</arg>
<doc>Logs the given message to the console.</doc>
<status status="PASS" starttime="20220620 22:36:48.721" endtime="20220620 22:36:48.721"/>
</kw>
<kw name="Log" library="BuiltIn">
<arg>Minha posição agora é: ${CONTADOR}</arg>
<doc>Logs the given message with the given level.</doc>
<msg timestamp="20220620 22:36:48.721" level="INFO">Minha posição agora é: 1</msg>
<status status="PASS" starttime="20220620 22:36:48.721" endtime="20220620 22:36:48.721"/>
</kw>
<status status="PASS" starttime="20220620 22:36:48.721" endtime="20220620 22:36:48.721"/>
</iter>
<iter>
<var name="${CONTADOR}">2</var>
<kw name="Log To Console" library="BuiltIn">
<arg>Minha posição agora é: ${CONTADOR}</arg>
<doc>Logs the given message to the console.</doc>
<status status="PASS" starttime="20220620 22:36:48.721" endtime="20220620 22:36:48.722"/>
</kw>
<kw name="Log" library="BuiltIn">
<arg>Minha posição agora é: ${CONTADOR}</arg>
<doc>Logs the given message with the given level.</doc>
<msg timestamp="20220620 22:36:48.722" level="INFO">Minha posição agora é: 2</msg>
<status status="PASS" starttime="20220620 22:36:48.722" endtime="20220620 22:36:48.722"/>
</kw>
<status status="PASS" starttime="20220620 22:36:48.721" endtime="20220620 22:36:48.722"/>
</iter>
<iter>
<var name="${CONTADOR}">3</var>
<kw name="Log To Console" library="BuiltIn">
<arg>Minha posição agora é: ${CONTADOR}</arg>
<doc>Logs the given message to the console.</doc>
<status status="PASS" starttime="20220620 22:36:48.722" endtime="20220620 22:36:48.722"/>
</kw>
<kw name="Log" library="BuiltIn">
<arg>Minha posição agora é: ${CONTADOR}</arg>
<doc>Logs the given message with the given level.</doc>
<msg timestamp="20220620 22:36:48.723" level="INFO">Minha posição agora é: 3</msg>
<status status="PASS" starttime="20220620 22:36:48.722" endtime="20220620 22:36:48.723"/>
</kw>
<status status="PASS" starttime="20220620 22:36:48.722" endtime="20220620 22:36:48.723"/>
</iter>
<iter>
<var name="${CONTADOR}">4</var>
<kw name="Log To Console" library="BuiltIn">
<arg>Minha posição agora é: ${CONTADOR}</arg>
<doc>Logs the given message to the console.</doc>
<status status="PASS" starttime="20220620 22:36:48.723" endtime="20220620 22:36:48.723"/>
</kw>
<kw name="Log" library="BuiltIn">
<arg>Minha posição agora é: ${CONTADOR}</arg>
<doc>Logs the given message with the given level.</doc>
<msg timestamp="20220620 22:36:48.723" level="INFO">Minha posição agora é: 4</msg>
<status status="PASS" starttime="20220620 22:36:48.723" endtime="20220620 22:36:48.723"/>
</kw>
<status status="PASS" starttime="20220620 22:36:48.723" endtime="20220620 22:36:48.723"/>
</iter>
<status status="PASS" starttime="20220620 22:36:48.720" endtime="20220620 22:36:48.724"/>
</for>
<status status="PASS" starttime="20220620 22:36:48.719" endtime="20220620 22:36:48.724"/>
</kw>
<doc>Faz um loop dentro de um intervalo que você passar</doc>
<status status="PASS" starttime="20220620 22:36:48.719" endtime="20220620 22:36:48.724"/>
</test>
<test id="s1-s1-s3-t3" name="Teste de FOR do tipo IN" line="17">
<kw name="Usando FOR IN">
<kw name="Log To Console" library="BuiltIn">
<arg>${\n}</arg>
<doc>Logs the given message to the console.</doc>
<status status="PASS" starttime="20220620 22:36:48.725" endtime="20220620 22:36:48.726"/>
</kw>
<for flavor="IN">
<var>${FRUTA}</var>
<value>@{MINHA_LISTA_DE_FRUTAS}</value>
<iter>
<var name="${FRUTA}">maça</var>
<kw name="Log To Console" library="BuiltIn">
<arg>Minha fruta é: ${FRUTA}!</arg>
<doc>Logs the given message to the console.</doc>
<status status="PASS" starttime="20220620 22:36:48.726" endtime="20220620 22:36:48.726"/>
</kw>
<kw name="No Operation" library="BuiltIn">
<doc>Does absolutely nothing.</doc>
<status status="PASS" starttime="20220620 22:36:48.726" endtime="20220620 22:36:48.727"/>
</kw>
<status status="PASS" starttime="20220620 22:36:48.726" endtime="20220620 22:36:48.727"/>
</iter>
<iter>
<var name="${FRUTA}">abacaxi</var>
<kw name="Log To Console" library="BuiltIn">
<arg>Minha fruta é: ${FRUTA}!</arg>
<doc>Logs the given message to the console.</doc>
<status status="PASS" starttime="20220620 22:36:48.727" endtime="20220620 22:36:48.727"/>
</kw>
<kw name="No Operation" library="BuiltIn">
<doc>Does absolutely nothing.</doc>
<status status="PASS" starttime="20220620 22:36:48.727" endtime="20220620 22:36:48.727"/>
</kw>
<status status="PASS" starttime="20220620 22:36:48.727" endtime="20220620 22:36:48.727"/>
</iter>
<iter>
<var name="${FRUTA}">banana</var>
<kw name="Log To Console" library="BuiltIn">
<arg>Minha fruta é: ${FRUTA}!</arg>
<doc>Logs the given message to the console.</doc>
<status status="PASS" starttime="20220620 22:36:48.727" endtime="20220620 22:36:48.728"/>
</kw>
<kw name="No Operation" library="BuiltIn">
<doc>Does absolutely nothing.</doc>
<status status="PASS" starttime="20220620 22:36:48.728" endtime="20220620 22:36:48.728"/>
</kw>
<status status="PASS" starttime="20220620 22:36:48.727" endtime="20220620 22:36:48.728"/>
</iter>
<iter>
<var name="${FRUTA}">morango</var>
<kw name="Log To Console" library="BuiltIn">
<arg>Minha fruta é: ${FRUTA}!</arg>
<doc>Logs the given message to the console.</doc>
<status status="PASS" starttime="20220620 22:36:48.728" endtime="20220620 22:36:48.728"/>
</kw>
<kw name="No Operation" library="BuiltIn">
<doc>Does absolutely nothing.</doc>
<status status="PASS" starttime="20220620 22:36:48.728" endtime="20220620 22:36:48.729"/>
</kw>
<status status="PASS" starttime="20220620 22:36:48.728" endtime="20220620 22:36:48.729"/>
</iter>
<iter>
<var name="${FRUTA}">laranja</var>
<kw name="Log To Console" library="BuiltIn">
<arg>Minha fruta é: ${FRUTA}!</arg>
<doc>Logs the given message to the console.</doc>
<status status="PASS" starttime="20220620 22:36:48.729" endtime="20220620 22:36:48.729"/>
</kw>
<kw name="No Operation" library="BuiltIn">
<doc>Does absolutely nothing.</doc>
<status status="PASS" starttime="20220620 22:36:48.729" endtime="20220620 22:36:48.729"/>
</kw>
<status status="PASS" starttime="20220620 22:36:48.729" endtime="20220620 22:36:48.729"/>
</iter>
<iter>
<var name="${FRUTA}">uva</var>
<kw name="Log To Console" library="BuiltIn">
<arg>Minha fruta é: ${FRUTA}!</arg>
<doc>Logs the given message to the console.</doc>
<status status="PASS" starttime="20220620 22:36:48.729" endtime="20220620 22:36:48.730"/>
</kw>
<kw name="No Operation" library="BuiltIn">
<doc>Does absolutely nothing.</doc>
<status status="PASS" starttime="20220620 22:36:48.730" endtime="20220620 22:36:48.730"/>
</kw>
<status status="PASS" starttime="20220620 22:36:48.729" endtime="20220620 22:36:48.730"/>
</iter>
<status status="PASS" starttime="20220620 22:36:48.726" endtime="20220620 22:36:48.730"/>
</for>
<status status="PASS" starttime="20220620 22:36:48.725" endtime="20220620 22:36:48.730"/>
</kw>
<doc>Faz um loop percorrendo a lista que você passar</doc>
<status status="PASS" starttime="20220620 22:36:48.725" endtime="20220620 22:36:48.730"/>
</test>
<test id="s1-s1-s3-t4" name="Teste de FOR do tipo IN ENUMERATE" line="21">
<kw name="Usando FOR IN ENUMERATE">
<kw name="Log To Console" library="BuiltIn">
<arg>${\n}</arg>
<doc>Logs the given message to the console.</doc>
<status status="PASS" starttime="20220620 22:36:48.732" endtime="20220620 22:36:48.732"/>
</kw>
<for flavor="IN ENUMERATE">
<var>${INDICE}</var>
<var>${FRUTA}</var>
<value>@{MINHA_LISTA_DE_FRUTAS}</value>
<iter>
<var name="${INDICE}">0</var>
<var name="${FRUTA}">maça</var>
<kw name="Log To Console" library="BuiltIn">
<arg>Minha fruta é: ${INDICE} --&gt; ${FRUTA}!</arg>
<doc>Logs the given message to the console.</doc>
<status status="PASS" starttime="20220620 22:36:48.733" endtime="20220620 22:36:48.733"/>
</kw>
<kw name="No Operation" library="BuiltIn">
<doc>Does absolutely nothing.</doc>
<status status="PASS" starttime="20220620 22:36:48.733" endtime="20220620 22:36:48.733"/>
</kw>
<status status="PASS" starttime="20220620 22:36:48.733" endtime="20220620 22:36:48.733"/>
</iter>
<iter>
<var name="${INDICE}">1</var>
<var name="${FRUTA}">abacaxi</var>
<kw name="Log To Console" library="BuiltIn">
<arg>Minha fruta é: ${INDICE} --&gt; ${FRUTA}!</arg>
<doc>Logs the given message to the console.</doc>
<status status="PASS" starttime="20220620 22:36:48.733" endtime="20220620 22:36:48.734"/>
</kw>
<kw name="No Operation" library="BuiltIn">
<doc>Does absolutely nothing.</doc>
<status status="PASS" starttime="20220620 22:36:48.734" endtime="20220620 22:36:48.734"/>
</kw>
<status status="PASS" starttime="20220620 22:36:48.733" endtime="20220620 22:36:48.734"/>
</iter>
<iter>
<var name="${INDICE}">2</var>
<var name="${FRUTA}">banana</var>
<kw name="Log To Console" library="BuiltIn">
<arg>Minha fruta é: ${INDICE} --&gt; ${FRUTA}!</arg>
<doc>Logs the given message to the console.</doc>
<status status="PASS" starttime="20220620 22:36:48.734" endtime="20220620 22:36:48.735"/>
</kw>
<kw name="No Operation" library="BuiltIn">
<doc>Does absolutely nothing.</doc>
<status status="PASS" starttime="20220620 22:36:48.735" endtime="20220620 22:36:48.735"/>
</kw>
<status status="PASS" starttime="20220620 22:36:48.734" endtime="20220620 22:36:48.735"/>
</iter>
<iter>
<var name="${INDICE}">3</var>
<var name="${FRUTA}">morango</var>
<kw name="Log To Console" library="BuiltIn">
<arg>Minha fruta é: ${INDICE} --&gt; ${FRUTA}!</arg>
<doc>Logs the given message to the console.</doc>
<status status="PASS" starttime="20220620 22:36:48.735" endtime="20220620 22:36:48.735"/>
</kw>
<kw name="No Operation" library="BuiltIn">
<doc>Does absolutely nothing.</doc>
<status status="PASS" starttime="20220620 22:36:48.735" endtime="20220620 22:36:48.735"/>
</kw>
<status status="PASS" starttime="20220620 22:36:48.735" endtime="20220620 22:36:48.735"/>
</iter>
<iter>
<var name="${INDICE}">4</var>
<var name="${FRUTA}">laranja</var>
<kw name="Log To Console" library="BuiltIn">
<arg>Minha fruta é: ${INDICE} --&gt; ${FRUTA}!</arg>
<doc>Logs the given message to the console.</doc>
<status status="PASS" starttime="20220620 22:36:48.736" endtime="20220620 22:36:48.736"/>
</kw>
<kw name="No Operation" library="BuiltIn">
<doc>Does absolutely nothing.</doc>
<status status="PASS" starttime="20220620 22:36:48.736" endtime="20220620 22:36:48.736"/>
</kw>
<status status="PASS" starttime="20220620 22:36:48.736" endtime="20220620 22:36:48.736"/>
</iter>
<iter>
<var name="${INDICE}">5</var>
<var name="${FRUTA}">uva</var>
<kw name="Log To Console" library="BuiltIn">
<arg>Minha fruta é: ${INDICE} --&gt; ${FRUTA}!</arg>
<doc>Logs the given message to the console.</doc>
<status status="PASS" starttime="20220620 22:36:48.736" endtime="20220620 22:36:48.737"/>
</kw>
<kw name="No Operation" library="BuiltIn">
<doc>Does absolutely nothing.</doc>
<status status="PASS" starttime="20220620 22:36:48.737" endtime="20220620 22:36:48.737"/>
</kw>
<status status="PASS" starttime="20220620 22:36:48.736" endtime="20220620 22:36:48.737"/>
</iter>
<status status="PASS" starttime="20220620 22:36:48.733" endtime="20220620 22:36:48.737"/>
</for>
<status status="PASS" starttime="20220620 22:36:48.732" endtime="20220620 22:36:48.737"/>
</kw>
<doc>Faz um loop percorrendo a lista que você passar e percorre o indíce da lista</doc>
<status status="PASS" starttime="20220620 22:36:48.731" endtime="20220620 22:36:48.737"/>
</test>
<test id="s1-s1-s3-t5" name="Teste de Sair do FOR" line="25">
<kw name="Usando FOR IN com EXIT FOR LOOP IF">
<kw name="Log To Console" library="BuiltIn">
<arg>${\n}</arg>
<doc>Logs the given message to the console.</doc>
<status status="PASS" starttime="20220620 22:36:48.739" endtime="20220620 22:36:48.739"/>
</kw>
<for flavor="IN ENUMERATE">
<var>${INDICE}</var>
<var>${FRUTA}</var>
<value>@{MINHA_LISTA_DE_FRUTAS}</value>
<iter>
<var name="${INDICE}">0</var>
<var name="${FRUTA}">maça</var>
<kw name="Log To Console" library="BuiltIn">
<arg>Minha fruta é: ${INDICE} --&gt; ${FRUTA}!</arg>
<doc>Logs the given message to the console.</doc>
<status status="PASS" starttime="20220620 22:36:48.740" endtime="20220620 22:36:48.740"/>
</kw>
<kw name="Exit For Loop If" library="BuiltIn">
<arg>'${FRUTA}'=='banana'</arg>
<doc>Stops executing the enclosing FOR loop if the ``condition`` is true.</doc>
<status status="PASS" starttime="20220620 22:36:48.740" endtime="20220620 22:36:48.741"/>
</kw>
<status status="PASS" starttime="20220620 22:36:48.740" endtime="20220620 22:36:48.741"/>
</iter>
<iter>
<var name="${INDICE}">1</var>
<var name="${FRUTA}">abacaxi</var>
<kw name="Log To Console" library="BuiltIn">
<arg>Minha fruta é: ${INDICE} --&gt; ${FRUTA}!</arg>
<doc>Logs the given message to the console.</doc>
<status status="PASS" starttime="20220620 22:36:48.741" endtime="20220620 22:36:48.741"/>
</kw>
<kw name="Exit For Loop If" library="BuiltIn">
<arg>'${FRUTA}'=='banana'</arg>
<doc>Stops executing the enclosing FOR loop if the ``condition`` is true.</doc>
<status status="PASS" starttime="20220620 22:36:48.741" endtime="20220620 22:36:48.742"/>
</kw>
<status status="PASS" starttime="20220620 22:36:48.741" endtime="20220620 22:36:48.742"/>
</iter>
<iter>
<var name="${INDICE}">2</var>
<var name="${FRUTA}">banana</var>
<kw name="Log To Console" library="BuiltIn">
<arg>Minha fruta é: ${INDICE} --&gt; ${FRUTA}!</arg>
<doc>Logs the given message to the console.</doc>
<status status="PASS" starttime="20220620 22:36:48.742" endtime="20220620 22:36:48.742"/>
</kw>
<kw name="Exit For Loop If" library="BuiltIn">
<arg>'${FRUTA}'=='banana'</arg>
<doc>Stops executing the enclosing FOR loop if the ``condition`` is true.</doc>
<msg timestamp="20220620 22:36:48.742" level="INFO">Exiting for loop altogether.</msg>
<status status="PASS" starttime="20220620 22:36:48.742" endtime="20220620 22:36:48.743"/>
</kw>
<status status="PASS" starttime="20220620 22:36:48.742" endtime="20220620 22:36:48.743"/>
</iter>
<status status="PASS" starttime="20220620 22:36:48.739" endtime="20220620 22:36:48.743"/>
</for>
<status status="PASS" starttime="20220620 22:36:48.739" endtime="20220620 22:36:48.743"/>
</kw>
<doc>Você controla quando o FOR deve se encerrar antes de terminar todos os LOOPS</doc>
<status status="PASS" starttime="20220620 22:36:48.738" endtime="20220620 22:36:48.743"/>
</test>
<doc>Vamos aprender a fazer LOOPS usando o Robot Framework!!</doc>
<status status="PASS" starttime="20220620 22:36:48.711" endtime="20220620 22:36:48.744"/>
</suite>
<status status="PASS" starttime="20220620 22:36:40.708" endtime="20220620 22:36:48.746"/>
</suite>
<suite id="s1-s2" name="WebApplicationTest" source="G:\Automation\armc-robot-framework\WebApplicationTest">
<suite id="s1-s2-s1" name="Amazon" source="G:\Automation\armc-robot-framework\WebApplicationTest\Amazon">
<suite id="s1-s2-s1-s1" name="Tests" source="G:\Automation\armc-robot-framework\WebApplicationTest\Amazon\tests">
<suite id="s1-s2-s1-s1-s1" name="Amazon tests" source="G:\Automation\armc-robot-framework\WebApplicationTest\Amazon\tests\Amazon_tests.robot">
<test id="s1-s2-s1-s1-s1-t1" name="CT 01 - Access &quot;Eletrônicos&quot; Menu" line="11">
<kw name="Start Session" library="base" type="SETUP">
<kw name="New Browser" library="Browser">
<arg>${Browser}</arg>
<arg>${Headless}</arg>
<arg>timeout=01:00</arg>
<tag>BrowserControl</tag>
<tag>Setter</tag>
<doc>Create a new playwright Browser with specified options.</doc>
<msg timestamp="20220620 22:36:53.231" level="INFO">{"browser": "chromium", "headless": true, "handleSIGINT": true, "handleSIGTERM": true, "handleSIGHUP": true, "timeout": 60000.0, "devtools": false, "slowMo": 0.0, "tracesDir": "G:\\Automation\\armc-robot-framework\\Report\\browser\\traces\\7049e40e-391f-4489-9f06-8404d664d42c"}</msg>
<msg timestamp="20220620 22:36:55.195" level="INFO">Successfully created browser with options: {"browser":"chromium","headless":true,"handleSIGINT":true,"handleSIGTERM":true,"handleSIGHUP":true,"timeout":60000,"devtools":false,"slowMo":0,"tracesDir":"G:\\Automation\\armc-robot-framework\\Report\\browser\\traces\\7049e40e-391f-4489-9f06-8404d664d42c"}</msg>
<status status="PASS" starttime="20220620 22:36:53.230" endtime="20220620 22:36:55.195"/>
</kw>
<kw name="New Context" library="Browser">
<arg>viewport=${Viewport}</arg>
<arg>colorScheme=${ColorScheme}</arg>
<arg>recordVideo=${RecordVideo}</arg>
<tag>BrowserControl</tag>
<tag>Setter</tag>
<doc>Create a new BrowserContext with specified options.</doc>
<msg timestamp="20220620 22:36:55.197" level="INFO">{"acceptDownloads": true, "ignoreHTTPSErrors": false, "bypassCSP": false, "viewport": {"width": 1900, "height": 1000}, "deviceScaleFactor": 1.0, "isMobile": false, "hasTouch": false, "javaScriptEnabled": true, "offline": false, "colorScheme": "dark", "hideRfBrowser": false, "recordVideo": {"size": {"width": 1920, "height": 1080}, "dir": "G:\\Automation\\armc-robot-framework\\Report\\browser\\video\\videos"}, "reducedMotion": "no-preference", "forcedColors": "none"}</msg>
<msg timestamp="20220620 22:36:55.222" level="INFO">Successfully created context. </msg>
<msg timestamp="20220620 22:36:55.222" level="INFO">{'acceptDownloads': True, 'ignoreHTTPSErrors': False, 'bypassCSP': False, 'viewport': {'width': 1900, 'height': 1000}, 'deviceScaleFactor': 1, 'isMobile': False, 'hasTouch': False, 'javaScriptEnabled': True, 'offline': False, 'colorScheme': 'dark', 'hideRfBrowser': False, 'recordVideo': {'size': {'width': 1920, 'height': 1080}, 'dir': 'G:\\Automation\\armc-robot-framework\\Report\\browser\\video\\videos'}, 'reducedMotion': 'no-preference', 'forcedColors': 'none'}</msg>
<status status="PASS" starttime="20220620 22:36:55.196" endtime="20220620 22:36:55.222"/>
</kw>
<kw name="New Page" library="Browser">
<arg>${Url}</arg>
<tag>BrowserControl</tag>
<tag>Setter</tag>
<doc>Open a new Page.</doc>
<msg timestamp="20220620 22:37:02.157" level="INFO">Successfully initialized new page object and opened url: https://www.amazon.com.br</msg>
<msg timestamp="20220620 22:37:02.158" level="INFO" html="true">&lt;/td&gt;&lt;/tr&gt;&lt;tr&gt;&lt;td colspan="3"&gt;&lt;video width="1920" height="1080" controls&gt;&lt;source src="browser/video/videos/004aca601de60c786770ca336eeab6b2.webm" type="video/webm"&gt;&lt;/video&gt;</msg>
<status status="PASS" starttime="20220620 22:36:55.222" endtime="20220620 22:37:02.158"/>
</kw>
<kw name="Get Title" library="Browser">
<arg>==</arg>
<arg>${TitlePage}</arg>
<tag>Assertion</tag>
<tag>Getter</tag>
<tag>PageContent</tag>
<doc>Returns the title of the current page.</doc>
<status status="PASS" starttime="20220620 22:37:02.158" endtime="20220620 22:37:02.162"/>
</kw>
<status status="PASS" starttime="20220620 22:36:53.230" endtime="20220620 22:37:02.162"/>
</kw>
<kw name="Click Menu" library="header">
<arg>Eletrônicos</arg>
<kw name="Click" library="Browser">
<arg>${DIV_MENU} &gt;&gt; "${Menu}"</arg>
<tag>PageContent</tag>
<tag>Setter</tag>
<doc>Simulates mouse click on the element found by ``selector``.</doc>
<status status="PASS" starttime="20220620 22:37:02.163" endtime="20220620 22:37:03.047"/>
</kw>
<status status="PASS" starttime="20220620 22:37:02.162" endtime="20220620 22:37:03.047"/>
</kw>
<kw name="Page Title Should Be" library="base">
<arg>Eletrônicos e Tecnologia | Amazon.com.br</arg>
<kw name="Get Title" library="Browser">
<arg>==</arg>
<arg>${PageTitle}</arg>
<tag>Assertion</tag>
<tag>Getter</tag>
<tag>PageContent</tag>
<doc>Returns the title of the current page.</doc>
<status status="PASS" starttime="20220620 22:37:03.048" endtime="20220620 22:37:03.161"/>
</kw>
<status status="PASS" starttime="20220620 22:37:03.048" endtime="20220620 22:37:03.162"/>
</kw>
<kw name="Text Should Be Displayed In The Menu Page" library="menuPage">
<arg>Eletrônicos e Tecnologia</arg>
<kw name="Get Text" library="Browser">
<arg>${H1_TITLE}</arg>
<arg>==</arg>
<arg>${Text}</arg>
<tag>Assertion</tag>
<tag>Getter</tag>
<tag>PageContent</tag>
<doc>Returns text attribute of the element found by ``selector``.</doc>
<status status="PASS" starttime="20220620 22:37:03.163" endtime="20220620 22:37:04.133"/>
</kw>
<status status="PASS" starttime="20220620 22:37:03.162" endtime="20220620 22:37:04.134"/>
</kw>
<kw name="Category Should Be Displayed In The Header" library="menuPage">
<arg>Computadores e Informática</arg>
<kw name="Get Element Count" library="Browser">
<arg>${SPAN_CATEGORY_ITEM} &gt;&gt; "${CategoryText}"</arg>
<arg>==</arg>
<arg>1</arg>
<tag>Assertion</tag>
<tag>Getter</tag>
<tag>PageContent</tag>
<doc>Returns the count of elements found with ``selector``.</doc>
<status status="PASS" starttime="20220620 22:37:04.135" endtime="20220620 22:37:04.177"/>
</kw>
<kw name="Scroll To Element" library="Browser">
<arg>${SPAN_CATEGORY_ITEM} &gt;&gt; "${CategoryText}"</arg>
<tag>PageContent</tag>
<tag>Setter</tag>
<doc>This method waits for actionability checks, then tries to scroll element into view,
unless it is completely visible.</doc>
<status status="PASS" starttime="20220620 22:37:04.177" endtime="20220620 22:37:04.726"/>
</kw>
<status status="PASS" starttime="20220620 22:37:04.135" endtime="20220620 22:37:04.726"/>
</kw>
<kw name="ScreenShot" library="base" type="TEARDOWN">
<kw name="Take Screenshot" library="Browser">
<tag>PageContent</tag>
<doc>Takes a screenshot of the current window or element and saves it to disk.</doc>
<msg timestamp="20220620 22:37:05.167" level="INFO" html="true">&lt;/td&gt;&lt;/tr&gt;&lt;tr&gt;&lt;td colspan="3"&gt;&lt;a href="browser/screenshot/robotframework-browser-screenshot-1.png"&gt;&lt;img src="browser/screenshot/robotframework-browser-screenshot-1.png" width="800px"&gt;&lt;/a&gt;</msg>
<status status="PASS" starttime="20220620 22:37:04.727" endtime="20220620 22:37:05.167"/>
</kw>
<status status="PASS" starttime="20220620 22:37:04.727" endtime="20220620 22:37:05.167"/>
</kw>
<doc>Validar o acesso ao menu "Eletrônicos" e verifica a categoria "Computadores e Informática"</doc>
<tag>category</tag>
<tag>functional</tag>
<tag>menu</tag>
<tag>regression</tag>
<status status="PASS" starttime="20220620 22:36:53.228" endtime="20220620 22:37:05.168"/>
</test>
<test id="s1-s2-s1-s1-s1-t2" name="CT 02 - Search a Product" line="20">
<kw name="Start Session" library="base" type="SETUP">
<kw name="New Browser" library="Browser">
<arg>${Browser}</arg>
<arg>${Headless}</arg>
<arg>timeout=01:00</arg>
<tag>BrowserControl</tag>
<tag>Setter</tag>
<doc>Create a new playwright Browser with specified options.</doc>
<msg timestamp="20220620 22:37:05.690" level="INFO">{"browser": "chromium", "headless": true, "handleSIGINT": true, "handleSIGTERM": true, "handleSIGHUP": true, "timeout": 60000.0, "devtools": false, "slowMo": 0.0, "tracesDir": "G:\\Automation\\armc-robot-framework\\Report\\browser\\traces\\b6f55602-ed87-4391-8850-c35827a53b11"}</msg>
<msg timestamp="20220620 22:37:07.471" level="INFO">Successfully created browser with options: {"browser":"chromium","headless":true,"handleSIGINT":true,"handleSIGTERM":true,"handleSIGHUP":true,"timeout":60000,"devtools":false,"slowMo":0,"tracesDir":"G:\\Automation\\armc-robot-framework\\Report\\browser\\traces\\b6f55602-ed87-4391-8850-c35827a53b11"}</msg>
<status status="PASS" starttime="20220620 22:37:05.689" endtime="20220620 22:37:07.471"/>
</kw>
<kw name="New Context" library="Browser">
<arg>viewport=${Viewport}</arg>
<arg>colorScheme=${ColorScheme}</arg>
<arg>recordVideo=${RecordVideo}</arg>
<tag>BrowserControl</tag>
<tag>Setter</tag>
<doc>Create a new BrowserContext with specified options.</doc>
<msg timestamp="20220620 22:37:07.472" level="INFO">{"acceptDownloads": true, "ignoreHTTPSErrors": false, "bypassCSP": false, "viewport": {"width": 1900, "height": 1000}, "deviceScaleFactor": 1.0, "isMobile": false, "hasTouch": false, "javaScriptEnabled": true, "offline": false, "colorScheme": "dark", "hideRfBrowser": false, "recordVideo": {"size": {"width": 1920, "height": 1080}, "dir": "G:\\Automation\\armc-robot-framework\\Report\\browser\\video\\videos"}, "reducedMotion": "no-preference", "forcedColors": "none"}</msg>
<msg timestamp="20220620 22:37:07.480" level="INFO">Successfully created context. </msg>
<msg timestamp="20220620 22:37:07.480" level="INFO">{'acceptDownloads': True, 'ignoreHTTPSErrors': False, 'bypassCSP': False, 'viewport': {'width': 1900, 'height': 1000}, 'deviceScaleFactor': 1, 'isMobile': False, 'hasTouch': False, 'javaScriptEnabled': True, 'offline': False, 'colorScheme': 'dark', 'hideRfBrowser': False, 'recordVideo': {'size': {'width': 1920, 'height': 1080}, 'dir': 'G:\\Automation\\armc-robot-framework\\Report\\browser\\video\\videos'}, 'reducedMotion': 'no-preference', 'forcedColors': 'none'}</msg>
<status status="PASS" starttime="20220620 22:37:07.471" endtime="20220620 22:37:07.480"/>
</kw>
<kw name="New Page" library="Browser">
<arg>${Url}</arg>
<tag>BrowserControl</tag>
<tag>Setter</tag>
<doc>Open a new Page.</doc>
<msg timestamp="20220620 22:37:11.280" level="INFO">Successfully initialized new page object and opened url: https://www.amazon.com.br</msg>
<msg timestamp="20220620 22:37:11.281" level="INFO" html="true">&lt;/td&gt;&lt;/tr&gt;&lt;tr&gt;&lt;td colspan="3"&gt;&lt;video width="1920" height="1080" controls&gt;&lt;source src="browser/video/videos/d8f49190a2c96cac8c8b33de138cc932.webm" type="video/webm"&gt;&lt;/video&gt;</msg>
<status status="PASS" starttime="20220620 22:37:07.480" endtime="20220620 22:37:11.281"/>
</kw>
<kw name="Get Title" library="Browser">
<arg>==</arg>
<arg>${TitlePage}</arg>
<tag>Assertion</tag>
<tag>Getter</tag>
<tag>PageContent</tag>
<doc>Returns the title of the current page.</doc>
<status status="PASS" starttime="20220620 22:37:11.281" endtime="20220620 22:37:11.284"/>
</kw>
<status status="PASS" starttime="20220620 22:37:05.689" endtime="20220620 22:37:11.284"/>
</kw>
<kw name="Search By" library="header">
<arg>Xbox Series S</arg>
<kw name="Fill Text" library="Browser">
<arg>${SEARCH_BAR}</arg>
<arg>${ProductName}</arg>
<tag>PageContent</tag>
<tag>Setter</tag>
<doc>Clears and fills the given ``txt`` into the text field found by ``selector``.</doc>
<msg timestamp="20220620 22:37:11.285" level="INFO">Fills the text 'Xbox Series S' in the given field.</msg>
<status status="PASS" starttime="20220620 22:37:11.285" endtime="20220620 22:37:11.331"/>
</kw>
<status status="PASS" starttime="20220620 22:37:11.285" endtime="20220620 22:37:11.331"/>
</kw>
<kw name="Click Search Button" library="header">
<kw name="Click" library="Browser">
<arg>${SEARCH_BUTTON}</arg>
<tag>PageContent</tag>
<tag>Setter</tag>
<doc>Simulates mouse click on the element found by ``selector``.</doc>
<status status="PASS" starttime="20220620 22:37:11.332" endtime="20220620 22:37:12.567"/>
</kw>
<status status="PASS" starttime="20220620 22:37:11.332" endtime="20220620 22:37:12.568"/>
</kw>
<kw name="Text Should Be Displayed In The Results Page" library="searchResultsPage">
<arg>RESULTADOS</arg>
<kw name="Wait For Elements State" library="Browser">
<arg>${SPAN_TITLE} &gt;&gt; "${Text}"</arg>
<arg>visible</arg>
<arg>30</arg>
<tag>PageContent</tag>
<tag>Wait</tag>
<doc>Waits for the element found by ``selector`` to satisfy state option.</doc>
<msg timestamp="20220620 22:37:13.807" level="INFO">Waited for Element with selector div[data-cel-widget='search_result_0'] span span &gt;&gt; "RESULTADOS" at state visible</msg>
<status status="PASS" starttime="20220620 22:37:12.568" endtime="20220620 22:37:13.808"/>
</kw>
<status status="PASS" starttime="20220620 22:37:12.568" endtime="20220620 22:37:13.808"/>
</kw>
<kw name="Text Should Be Displayed In The Search Result" library="searchResultsPage">
<arg>Console Xbox Series S</arg>
<kw name="Get Element Count" library="Browser">
<arg>${SPAN_RESULT} &gt;&gt; "${Text}"</arg>
<arg>\&gt;=</arg>
<arg>1</arg>
<tag>Assertion</tag>
<tag>Getter</tag>
<tag>PageContent</tag>
<doc>Returns the count of elements found with ``selector``.</doc>
<status status="PASS" starttime="20220620 22:37:13.809" endtime="20220620 22:37:13.821"/>
</kw>
<kw name="Scroll To Element" library="Browser">
<arg>${SPAN_RESULT} &gt;&gt; "${Text}"</arg>
<tag>PageContent</tag>
<tag>Setter</tag>
<doc>This method waits for actionability checks, then tries to scroll element into view,
unless it is completely visible.</doc>
<status status="PASS" starttime="20220620 22:37:13.821" endtime="20220620 22:37:13.884"/>
</kw>
<status status="PASS" starttime="20220620 22:37:13.808" endtime="20220620 22:37:13.884"/>
</kw>
<kw name="ScreenShot" library="base" type="TEARDOWN">
<kw name="Take Screenshot" library="Browser">
<tag>PageContent</tag>
<doc>Takes a screenshot of the current window or element and saves it to disk.</doc>
<msg timestamp="20220620 22:37:14.229" level="INFO" html="true">&lt;/td&gt;&lt;/tr&gt;&lt;tr&gt;&lt;td colspan="3"&gt;&lt;a href="browser/screenshot/robotframework-browser-screenshot-2.png"&gt;&lt;img src="browser/screenshot/robotframework-browser-screenshot-2.png" width="800px"&gt;&lt;/a&gt;</msg>
<status status="PASS" starttime="20220620 22:37:13.885" endtime="20220620 22:37:14.229"/>
</kw>
<status status="PASS" starttime="20220620 22:37:13.885" endtime="20220620 22:37:14.230"/>
</kw>
<doc>Testar a busca do produto "Xbox Series S" através do campo de pesquisa
e validar o resultado da pesquisa</doc>
<tag>functional</tag>
<tag>regression</tag>
<tag>search_product</tag>
<status status="PASS" starttime="20220620 22:37:05.686" endtime="20220620 22:37:14.231"/>
</test>
<test id="s1-s2-s1-s1-s1-t3" name="CT 03 - Add Product to Cart" line="30">
<kw name="Start Session" library="base" type="SETUP">
<kw name="New Browser" library="Browser">
<arg>${Browser}</arg>
<arg>${Headless}</arg>
<arg>timeout=01:00</arg>
<tag>BrowserControl</tag>
<tag>Setter</tag>
<doc>Create a new playwright Browser with specified options.</doc>
<msg timestamp="20220620 22:37:14.652" level="INFO">{"browser": "chromium", "headless": true, "handleSIGINT": true, "handleSIGTERM": true, "handleSIGHUP": true, "timeout": 60000.0, "devtools": false, "slowMo": 0.0, "tracesDir": "G:\\Automation\\armc-robot-framework\\Report\\browser\\traces\\9f6dc934-9afe-499c-a1a0-03b4b7d21012"}</msg>
<msg timestamp="20220620 22:37:16.348" level="INFO">Successfully created browser with options: {"browser":"chromium","headless":true,"handleSIGINT":true,"handleSIGTERM":true,"handleSIGHUP":true,"timeout":60000,"devtools":false,"slowMo":0,"tracesDir":"G:\\Automation\\armc-robot-framework\\Report\\browser\\traces\\9f6dc934-9afe-499c-a1a0-03b4b7d21012"}</msg>
<status status="PASS" starttime="20220620 22:37:14.651" endtime="20220620 22:37:16.348"/>
</kw>
<kw name="New Context" library="Browser">
<arg>viewport=${Viewport}</arg>
<arg>colorScheme=${ColorScheme}</arg>
<arg>recordVideo=${RecordVideo}</arg>
<tag>BrowserControl</tag>
<tag>Setter</tag>
<doc>Create a new BrowserContext with specified options.</doc>
<msg timestamp="20220620 22:37:16.350" level="INFO">{"acceptDownloads": true, "ignoreHTTPSErrors": false, "bypassCSP": false, "viewport": {"width": 1900, "height": 1000}, "deviceScaleFactor": 1.0, "isMobile": false, "hasTouch": false, "javaScriptEnabled": true, "offline": false, "colorScheme": "dark", "hideRfBrowser": false, "recordVideo": {"size": {"width": 1920, "height": 1080}, "dir": "G:\\Automation\\armc-robot-framework\\Report\\browser\\video\\videos"}, "reducedMotion": "no-preference", "forcedColors": "none"}</msg>
<msg timestamp="20220620 22:37:16.355" level="INFO">Successfully created context. </msg>
<msg timestamp="20220620 22:37:16.355" level="INFO">{'acceptDownloads': True, 'ignoreHTTPSErrors': False, 'bypassCSP': False, 'viewport': {'width': 1900, 'height': 1000}, 'deviceScaleFactor': 1, 'isMobile': False, 'hasTouch': False, 'javaScriptEnabled': True, 'offline': False, 'colorScheme': 'dark', 'hideRfBrowser': False, 'recordVideo': {'size': {'width': 1920, 'height': 1080}, 'dir': 'G:\\Automation\\armc-robot-framework\\Report\\browser\\video\\videos'}, 'reducedMotion': 'no-preference', 'forcedColors': 'none'}</msg>
<status status="PASS" starttime="20220620 22:37:16.348" endtime="20220620 22:37:16.355"/>
</kw>
<kw name="New Page" library="Browser">
<arg>${Url}</arg>
<tag>BrowserControl</tag>
<tag>Setter</tag>
<doc>Open a new Page.</doc>
<msg timestamp="20220620 22:37:18.836" level="INFO">Successfully initialized new page object and opened url: https://www.amazon.com.br</msg>
<msg timestamp="20220620 22:37:18.836" level="INFO" html="true">&lt;/td&gt;&lt;/tr&gt;&lt;tr&gt;&lt;td colspan="3"&gt;&lt;video width="1920" height="1080" controls&gt;&lt;source src="browser/video/videos/2d0ec1418da2dd3b33119dd86eefa359.webm" type="video/webm"&gt;&lt;/video&gt;</msg>
<status status="PASS" starttime="20220620 22:37:16.356" endtime="20220620 22:37:18.836"/>
</kw>
<kw name="Get Title" library="Browser">
<arg>==</arg>
<arg>${TitlePage}</arg>
<tag>Assertion</tag>
<tag>Getter</tag>
<tag>PageContent</tag>
<doc>Returns the title of the current page.</doc>
<status status="PASS" starttime="20220620 22:37:18.837" endtime="20220620 22:37:18.840"/>
</kw>
<status status="PASS" starttime="20220620 22:37:14.651" endtime="20220620 22:37:18.840"/>
</kw>
<kw name="Search By" library="header">
<arg>Xbox Series S</arg>
<kw name="Fill Text" library="Browser">
<arg>${SEARCH_BAR}</arg>
<arg>${ProductName}</arg>
<tag>PageContent</tag>
<tag>Setter</tag>
<doc>Clears and fills the given ``txt`` into the text field found by ``selector``.</doc>
<msg timestamp="20220620 22:37:18.841" level="INFO">Fills the text 'Xbox Series S' in the given field.</msg>
<status status="PASS" starttime="20220620 22:37:18.841" endtime="20220620 22:37:18.893"/>
</kw>
<status status="PASS" starttime="20220620 22:37:18.840" endtime="20220620 22:37:18.893"/>
</kw>
<kw name="Click Search Button" library="header">
<kw name="Click" library="Browser">
<arg>${SEARCH_BUTTON}</arg>
<tag>PageContent</tag>
<tag>Setter</tag>
<doc>Simulates mouse click on the element found by ``selector``.</doc>
<status status="PASS" starttime="20220620 22:37:18.894" endtime="20220620 22:37:20.080"/>
</kw>
<status status="PASS" starttime="20220620 22:37:18.893" endtime="20220620 22:37:20.081"/>
</kw>
<kw name="Text Should Be Displayed In The Results Page" library="searchResultsPage">
<arg>RESULTADOS</arg>
<kw name="Wait For Elements State" library="Browser">
<arg>${SPAN_TITLE} &gt;&gt; "${Text}"</arg>
<arg>visible</arg>
<arg>30</arg>
<tag>PageContent</tag>
<tag>Wait</tag>
<doc>Waits for the element found by ``selector`` to satisfy state option.</doc>
<msg timestamp="20220620 22:37:21.335" level="INFO">Waited for Element with selector div[data-cel-widget='search_result_0'] span span &gt;&gt; "RESULTADOS" at state visible</msg>
<status status="PASS" starttime="20220620 22:37:20.082" endtime="20220620 22:37:21.335"/>
</kw>
<status status="PASS" starttime="20220620 22:37:20.081" endtime="20220620 22:37:21.335"/>
</kw>
<kw name="Text Should Be Displayed In The Search Result" library="searchResultsPage">
<arg>Console Xbox Series S</arg>
<kw name="Get Element Count" library="Browser">
<arg>${SPAN_RESULT} &gt;&gt; "${Text}"</arg>
<arg>\&gt;=</arg>
<arg>1</arg>
<tag>Assertion</tag>
<tag>Getter</tag>
<tag>PageContent</tag>
<doc>Returns the count of elements found with ``selector``.</doc>
<status status="PASS" starttime="20220620 22:37:21.336" endtime="20220620 22:37:21.348"/>
</kw>
<kw name="Scroll To Element" library="Browser">
<arg>${SPAN_RESULT} &gt;&gt; "${Text}"</arg>
<tag>PageContent</tag>
<tag>Setter</tag>
<doc>This method waits for actionability checks, then tries to scroll element into view,
unless it is completely visible.</doc>
<status status="PASS" starttime="20220620 22:37:21.348" endtime="20220620 22:37:21.406"/>
</kw>
<status status="PASS" starttime="20220620 22:37:21.335" endtime="20220620 22:37:21.406"/>
</kw>
<kw name="Go To Product Page" library="searchResultsPage">
<arg>Console Xbox Series S</arg>
<kw name="Click" library="Browser">
<arg>${SPAN_RESULT} &gt;&gt; "${Product}"</arg>
<tag>PageContent</tag>
<tag>Setter</tag>
<doc>Simulates mouse click on the element found by ``selector``.</doc>
<status status="PASS" starttime="20220620 22:37:21.407" endtime="20220620 22:37:22.790"/>
</kw>
<status status="PASS" starttime="20220620 22:37:21.407" endtime="20220620 22:37:22.790"/>
</kw>
<kw name="Add To Cart" library="productPage">
<arg>Console Xbox Series S</arg>
<kw name="Get Text" library="Browser">
<arg>${SPAN_PRODUCT_TITLE}</arg>
<arg>==</arg>
<arg>${Product}</arg>
<tag>Assertion</tag>
<tag>Getter</tag>
<tag>PageContent</tag>
<doc>Returns text attribute of the element found by ``selector``.</doc>
<status status="PASS" starttime="20220620 22:37:22.791" endtime="20220620 22:37:23.433"/>
</kw>
<kw name="Click" library="Browser">
<arg>${BTN_ADD_TO_CART}</arg>
<tag>PageContent</tag>
<tag>Setter</tag>
<doc>Simulates mouse click on the element found by ``selector``.</doc>
<status status="PASS" starttime="20220620 22:37:23.433" endtime="20220620 22:37:25.619"/>
</kw>
<status status="PASS" starttime="20220620 22:37:22.791" endtime="20220620 22:37:25.619"/>
</kw>
<kw name="Go To Cart" library="header">
<kw name="Wait For Elements State" library="Browser">
<arg>${CART_BUTTON}</arg>
<arg>visible</arg>
<arg>30</arg>
<tag>PageContent</tag>
<tag>Wait</tag>
<doc>Waits for the element found by ``selector`` to satisfy state option.</doc>
<msg timestamp="20220620 22:37:25.751" level="INFO">Waited for Element with selector a#nav-cart at state visible</msg>
<status status="PASS" starttime="20220620 22:37:25.620" endtime="20220620 22:37:25.751"/>
</kw>
<kw name="Click" library="Browser">
<arg>${CART_BUTTON}</arg>
<tag>PageContent</tag>
<tag>Setter</tag>
<doc>Simulates mouse click on the element found by ``selector``.</doc>
<status status="PASS" starttime="20220620 22:37:25.751" endtime="20220620 22:37:26.900"/>
</kw>
<status status="PASS" starttime="20220620 22:37:25.619" endtime="20220620 22:37:26.900"/>
</kw>
<kw name="Product Should Be In Cart" library="cartPage">
<arg>Console Xbox Series S</arg>
<kw name="Wait For Elements State" library="Browser">
<arg>${DIV_CART_BODY}</arg>
<arg>visible</arg>
<arg>30</arg>
<tag>PageContent</tag>
<tag>Wait</tag>
<doc>Waits for the element found by ``selector`` to satisfy state option.</doc>
<msg timestamp="20220620 22:37:27.036" level="INFO">Waited for Element with selector div#sc-active-cart at state visible</msg>
<status status="PASS" starttime="20220620 22:37:26.901" endtime="20220620 22:37:27.036"/>
</kw>
<kw name="Get Element Count" library="Browser">
<arg>${SPAN_CART_TEXT} &gt;&gt; "${Product}"</arg>
<arg>==</arg>
<arg>1</arg>
<tag>Assertion</tag>
<tag>Getter</tag>
<tag>PageContent</tag>
<doc>Returns the count of elements found with ``selector``.</doc>
<status status="PASS" starttime="20220620 22:37:27.036" endtime="20220620 22:37:27.170"/>
</kw>
<status status="PASS" starttime="20220620 22:37:26.900" endtime="20220620 22:37:27.170"/>
</kw>
<kw name="ScreenShot" library="base" type="TEARDOWN">
<kw name="Take Screenshot" library="Browser">
<tag>PageContent</tag>
<doc>Takes a screenshot of the current window or element and saves it to disk.</doc>
<msg timestamp="20220620 22:37:27.526" level="INFO" html="true">&lt;/td&gt;&lt;/tr&gt;&lt;tr&gt;&lt;td colspan="3"&gt;&lt;a href="browser/screenshot/robotframework-browser-screenshot-3.png"&gt;&lt;img src="browser/screenshot/robotframework-browser-screenshot-3.png" width="800px"&gt;&lt;/a&gt;</msg>
<status status="PASS" starttime="20220620 22:37:27.171" endtime="20220620 22:37:27.526"/>
</kw>
<status status="PASS" starttime="20220620 22:37:27.171" endtime="20220620 22:37:27.527"/>
</kw>
<doc>Testar e verificar a adição de um produto no carrinho de compras</doc>
<tag>add_cart</tag>
<status status="PASS" starttime="20220620 22:37:14.649" endtime="20220620 22:37:27.527"/>
</test>
<test id="s1-s2-s1-s1-s1-t4" name="CT 04 - Remove Product to Cart" line="43">
<kw name="Start Session" library="base" type="SETUP">
<kw name="New Browser" library="Browser">
<arg>${Browser}</arg>
<arg>${Headless}</arg>
<arg>timeout=01:00</arg>
<tag>BrowserControl</tag>
<tag>Setter</tag>
<doc>Create a new playwright Browser with specified options.</doc>
<msg timestamp="20220620 22:37:28.152" level="INFO">{"browser": "chromium", "headless": true, "handleSIGINT": true, "handleSIGTERM": true, "handleSIGHUP": true, "timeout": 60000.0, "devtools": false, "slowMo": 0.0, "tracesDir": "G:\\Automation\\armc-robot-framework\\Report\\browser\\traces\\860c7fc4-c0cc-4ef7-af4c-5c86a0c8cafc"}</msg>
<msg timestamp="20220620 22:37:30.013" level="INFO">Successfully created browser with options: {"browser":"chromium","headless":true,"handleSIGINT":true,"handleSIGTERM":true,"handleSIGHUP":true,"timeout":60000,"devtools":false,"slowMo":0,"tracesDir":"G:\\Automation\\armc-robot-framework\\Report\\browser\\traces\\860c7fc4-c0cc-4ef7-af4c-5c86a0c8cafc"}</msg>
<status status="PASS" starttime="20220620 22:37:28.151" endtime="20220620 22:37:30.013"/>
</kw>
<kw name="New Context" library="Browser">
<arg>viewport=${Viewport}</arg>
<arg>colorScheme=${ColorScheme}</arg>
<arg>recordVideo=${RecordVideo}</arg>
<tag>BrowserControl</tag>
<tag>Setter</tag>
<doc>Create a new BrowserContext with specified options.</doc>
<msg timestamp="20220620 22:37:30.015" level="INFO">{"acceptDownloads": true, "ignoreHTTPSErrors": false, "bypassCSP": false, "viewport": {"width": 1900, "height": 1000}, "deviceScaleFactor": 1.0, "isMobile": false, "hasTouch": false, "javaScriptEnabled": true, "offline": false, "colorScheme": "dark", "hideRfBrowser": false, "recordVideo": {"size": {"width": 1920, "height": 1080}, "dir": "G:\\Automation\\armc-robot-framework\\Report\\browser\\video\\videos"}, "reducedMotion": "no-preference", "forcedColors": "none"}</msg>
<msg timestamp="20220620 22:37:30.023" level="INFO">Successfully created context. </msg>
<msg timestamp="20220620 22:37:30.023" level="INFO">{'acceptDownloads': True, 'ignoreHTTPSErrors': False, 'bypassCSP': False, 'viewport': {'width': 1900, 'height': 1000}, 'deviceScaleFactor': 1, 'isMobile': False, 'hasTouch': False, 'javaScriptEnabled': True, 'offline': False, 'colorScheme': 'dark', 'hideRfBrowser': False, 'recordVideo': {'size': {'width': 1920, 'height': 1080}, 'dir': 'G:\\Automation\\armc-robot-framework\\Report\\browser\\video\\videos'}, 'reducedMotion': 'no-preference', 'forcedColors': 'none'}</msg>
<status status="PASS" starttime="20220620 22:37:30.013" endtime="20220620 22:37:30.023"/>
</kw>
<kw name="New Page" library="Browser">
<arg>${Url}</arg>
<tag>BrowserControl</tag>
<tag>Setter</tag>
<doc>Open a new Page.</doc>
<msg timestamp="20220620 22:37:32.669" level="INFO">Successfully initialized new page object and opened url: https://www.amazon.com.br</msg>
<msg timestamp="20220620 22:37:32.670" level="INFO" html="true">&lt;/td&gt;&lt;/tr&gt;&lt;tr&gt;&lt;td colspan="3"&gt;&lt;video width="1920" height="1080" controls&gt;&lt;source src="browser/video/videos/87e463a20ea3da759d093f78ccc887c1.webm" type="video/webm"&gt;&lt;/video&gt;</msg>
<status status="PASS" starttime="20220620 22:37:30.024" endtime="20220620 22:37:32.670"/>
</kw>
<kw name="Get Title" library="Browser">
<arg>==</arg>
<arg>${TitlePage}</arg>
<tag>Assertion</tag>
<tag>Getter</tag>
<tag>PageContent</tag>
<doc>Returns the title of the current page.</doc>
<status status="PASS" starttime="20220620 22:37:32.670" endtime="20220620 22:37:32.675"/>
</kw>
<status status="PASS" starttime="20220620 22:37:28.151" endtime="20220620 22:37:32.675"/>
</kw>
<kw name="Search By" library="header">
<arg>Xbox Series S</arg>
<kw name="Fill Text" library="Browser">
<arg>${SEARCH_BAR}</arg>
<arg>${ProductName}</arg>
<tag>PageContent</tag>
<tag>Setter</tag>
<doc>Clears and fills the given ``txt`` into the text field found by ``selector``.</doc>
<msg timestamp="20220620 22:37:32.677" level="INFO">Fills the text 'Xbox Series S' in the given field.</msg>
<status status="PASS" starttime="20220620 22:37:32.676" endtime="20220620 22:37:32.740"/>
</kw>
<status status="PASS" starttime="20220620 22:37:32.676" endtime="20220620 22:37:32.740"/>
</kw>
<kw name="Click Search Button" library="header">
<kw name="Click" library="Browser">
<arg>${SEARCH_BUTTON}</arg>
<tag>PageContent</tag>
<tag>Setter</tag>
<doc>Simulates mouse click on the element found by ``selector``.</doc>
<status status="PASS" starttime="20220620 22:37:32.742" endtime="20220620 22:37:33.838"/>
</kw>
<status status="PASS" starttime="20220620 22:37:32.742" endtime="20220620 22:37:33.838"/>
</kw>
<kw name="Text Should Be Displayed In The Results Page" library="searchResultsPage">
<arg>RESULTADOS</arg>
<kw name="Wait For Elements State" library="Browser">
<arg>${SPAN_TITLE} &gt;&gt; "${Text}"</arg>
<arg>visible</arg>
<arg>30</arg>
<tag>PageContent</tag>
<tag>Wait</tag>
<doc>Waits for the element found by ``selector`` to satisfy state option.</doc>
<msg timestamp="20220620 22:37:35.125" level="INFO">Waited for Element with selector div[data-cel-widget='search_result_0'] span span &gt;&gt; "RESULTADOS" at state visible</msg>
<status status="PASS" starttime="20220620 22:37:33.838" endtime="20220620 22:37:35.125"/>
</kw>
<status status="PASS" starttime="20220620 22:37:33.838" endtime="20220620 22:37:35.125"/>
</kw>
<kw name="Text Should Be Displayed In The Search Result" library="searchResultsPage">
<arg>Console Xbox Series S</arg>
<kw name="Get Element Count" library="Browser">
<arg>${SPAN_RESULT} &gt;&gt; "${Text}"</arg>
<arg>\&gt;=</arg>
<arg>1</arg>
<tag>Assertion</tag>
<tag>Getter</tag>
<tag>PageContent</tag>
<doc>Returns the count of elements found with ``selector``.</doc>
<status status="PASS" starttime="20220620 22:37:35.126" endtime="20220620 22:37:35.136"/>
</kw>
<kw name="Scroll To Element" library="Browser">
<arg>${SPAN_RESULT} &gt;&gt; "${Text}"</arg>
<tag>PageContent</tag>
<tag>Setter</tag>
<doc>This method waits for actionability checks, then tries to scroll element into view,
unless it is completely visible.</doc>
<status status="PASS" starttime="20220620 22:37:35.136" endtime="20220620 22:37:35.233"/>
</kw>
<status status="PASS" starttime="20220620 22:37:35.125" endtime="20220620 22:37:35.233"/>
</kw>
<kw name="Go To Product Page" library="searchResultsPage">
<arg>Console Xbox Series S</arg>
<kw name="Click" library="Browser">
<arg>${SPAN_RESULT} &gt;&gt; "${Product}"</arg>
<tag>PageContent</tag>
<tag>Setter</tag>
<doc>Simulates mouse click on the element found by ``selector``.</doc>
<status status="PASS" starttime="20220620 22:37:35.234" endtime="20220620 22:37:36.917"/>
</kw>
<status status="PASS" starttime="20220620 22:37:35.233" endtime="20220620 22:37:36.917"/>
</kw>
<kw name="Add To Cart" library="productPage">
<arg>Console Xbox Series S</arg>
<kw name="Get Text" library="Browser">
<arg>${SPAN_PRODUCT_TITLE}</arg>
<arg>==</arg>
<arg>${Product}</arg>
<tag>Assertion</tag>
<tag>Getter</tag>
<tag>PageContent</tag>
<doc>Returns text attribute of the element found by ``selector``.</doc>
<status status="PASS" starttime="20220620 22:37:36.918" endtime="20220620 22:37:37.618"/>
</kw>
<kw name="Click" library="Browser">
<arg>${BTN_ADD_TO_CART}</arg>
<tag>PageContent</tag>
<tag>Setter</tag>
<doc>Simulates mouse click on the element found by ``selector``.</doc>
<status status="PASS" starttime="20220620 22:37:37.618" endtime="20220620 22:37:39.662"/>
</kw>
<status status="PASS" starttime="20220620 22:37:36.918" endtime="20220620 22:37:39.663"/>
</kw>
<kw name="Go To Cart" library="header">
<kw name="Wait For Elements State" library="Browser">
<arg>${CART_BUTTON}</arg>
<arg>visible</arg>
<arg>30</arg>
<tag>PageContent</tag>
<tag>Wait</tag>
<doc>Waits for the element found by ``selector`` to satisfy state option.</doc>
<msg timestamp="20220620 22:37:39.804" level="INFO">Waited for Element with selector a#nav-cart at state visible</msg>
<status status="PASS" starttime="20220620 22:37:39.663" endtime="20220620 22:37:39.805"/>
</kw>
<kw name="Click" library="Browser">
<arg>${CART_BUTTON}</arg>
<tag>PageContent</tag>
<tag>Setter</tag>
<doc>Simulates mouse click on the element found by ``selector``.</doc>
<status status="PASS" starttime="20220620 22:37:39.805" endtime="20220620 22:37:41.125"/>
</kw>
<status status="PASS" starttime="20220620 22:37:39.663" endtime="20220620 22:37:41.125"/>
</kw>
<kw name="Product Should Be In Cart" library="cartPage">
<arg>Console Xbox Series S</arg>
<kw name="Wait For Elements State" library="Browser">
<arg>${DIV_CART_BODY}</arg>
<arg>visible</arg>
<arg>30</arg>
<tag>PageContent</tag>
<tag>Wait</tag>
<doc>Waits for the element found by ``selector`` to satisfy state option.</doc>
<msg timestamp="20220620 22:37:41.243" level="INFO">Waited for Element with selector div#sc-active-cart at state visible</msg>
<status status="PASS" starttime="20220620 22:37:41.126" endtime="20220620 22:37:41.244"/>
</kw>
<kw name="Get Element Count" library="Browser">
<arg>${SPAN_CART_TEXT} &gt;&gt; "${Product}"</arg>
<arg>==</arg>
<arg>1</arg>
<tag>Assertion</tag>
<tag>Getter</tag>
<tag>PageContent</tag>
<doc>Returns the count of elements found with ``selector``.</doc>
<status status="PASS" starttime="20220620 22:37:41.244" endtime="20220620 22:37:41.409"/>
</kw>
<status status="PASS" starttime="20220620 22:37:41.125" endtime="20220620 22:37:41.410"/>
</kw>
<kw name="Remove A Product From Cart" library="cartPage">
<arg>Console Xbox Series S</arg>
<kw name="Click" library="Browser">
<arg>xpath=//span[contains(@class,'a-size-medium')]//span[contains(@class,'a-truncate-cut') and .='${Product}']/../../../../../../..//input[@value='Excluir']</arg>
<tag>PageContent</tag>
<tag>Setter</tag>
<doc>Simulates mouse click on the element found by ``selector``.</doc>
<status status="PASS" starttime="20220620 22:37:41.411" endtime="20220620 22:37:41.622"/>
</kw>
<status status="PASS" starttime="20220620 22:37:41.410" endtime="20220620 22:37:41.623"/>
</kw>
<kw name="Cart Should Be Empty" library="cartPage">
<kw name="Get Text" library="Browser">
<arg>${H1_CART_EMPTY}</arg>
<arg>==</arg>
<arg>${TextCartEmpty}</arg>
<tag>Assertion</tag>
<tag>Getter</tag>
<tag>PageContent</tag>
<doc>Returns text attribute of the element found by ``selector``.</doc>
<status status="PASS" starttime="20220620 22:37:41.624" endtime="20220620 22:37:42.080"/>
</kw>
<status status="PASS" starttime="20220620 22:37:41.624" endtime="20220620 22:37:42.080"/>
</kw>
<kw name="ScreenShot" library="base" type="TEARDOWN">
<kw name="Take Screenshot" library="Browser">
<tag>PageContent</tag>
<doc>Takes a screenshot of the current window or element and saves it to disk.</doc>
<msg timestamp="20220620 22:37:42.456" level="INFO" html="true">&lt;/td&gt;&lt;/tr&gt;&lt;tr&gt;&lt;td colspan="3"&gt;&lt;a href="browser/screenshot/robotframework-browser-screenshot-4.png"&gt;&lt;img src="browser/screenshot/robotframework-browser-screenshot-4.png" width="800px"&gt;&lt;/a&gt;</msg>
<status status="PASS" starttime="20220620 22:37:42.081" endtime="20220620 22:37:42.456"/>
</kw>
<status status="PASS" starttime="20220620 22:37:42.081" endtime="20220620 22:37:42.457"/>
</kw>
<doc>Testar e verificar a remoção de um produto no carrinho de compras</doc>
<tag>remove_cart</tag>
<status status="PASS" starttime="20220620 22:37:28.149" endtime="20220620 22:37:42.458"/>
</test>
<kw name="Fechar Navegador" library="base" type="TEARDOWN">
<kw name="Close Browser" library="Browser">
<arg>ALL</arg>
<tag>BrowserControl</tag>
<tag>Setter</tag>
<doc>Closes the current browser.</doc>
<msg timestamp="20220620 22:37:43.461" level="INFO">Closed all browsers</msg>
<status status="PASS" starttime="20220620 22:37:43.340" endtime="20220620 22:37:43.462"/>
</kw>
<status status="PASS" starttime="20220620 22:37:43.340" endtime="20220620 22:37:43.462"/>
</kw>
<doc>Suite de testes para o site Amazon.com.br</doc>
<status status="PASS" starttime="20220620 22:36:48.756" endtime="20220620 22:37:43.462"/>
</suite>
<status status="PASS" starttime="20220620 22:36:48.753" endtime="20220620 22:37:43.467"/>
</suite>
<status status="PASS" starttime="20220620 22:36:48.750" endtime="20220620 22:37:43.470"/>
</suite>
<status status="PASS" starttime="20220620 22:36:48.747" endtime="20220620 22:37:43.472"/>
</suite>
<status status="PASS" starttime="20220620 22:36:40.674" endtime="20220620 22:37:43.474"/>
</suite>
<statistics>
<total>
<stat pass="11" fail="0" skip="0">All Tests</stat>
</total>
<tag>
<stat pass="1" fail="0" skip="0">add_cart</stat>
<stat pass="1" fail="0" skip="0">category</stat>
<stat pass="2" fail="0" skip="0">functional</stat>
<stat pass="1" fail="0" skip="0">menu</stat>
<stat pass="2" fail="0" skip="0">regression</stat>
<stat pass="1" fail="0" skip="0">remove_cart</stat>
<stat pass="1" fail="0" skip="0">search_product</stat>
</tag>
<suite>
<stat pass="11" fail="0" skip="0" id="s1" name="Armc-Robot-Framework">Armc-Robot-Framework</stat>
<stat pass="7" fail="0" skip="0" id="s1-s1" name="Estruturas">Armc-Robot-Framework.Estruturas</stat>
<stat pass="1" fail="0" skip="0" id="s1-s1-s1" name="UsandoIFs">Armc-Robot-Framework.Estruturas.UsandoIFs</stat>
<stat pass="1" fail="0" skip="0" id="s1-s1-s2" name="UsandoLogs">Armc-Robot-Framework.Estruturas.UsandoLogs</stat>
<stat pass="5" fail="0" skip="0" id="s1-s1-s3" name="UsandoLoops">Armc-Robot-Framework.Estruturas.UsandoLoops</stat>
<stat pass="4" fail="0" skip="0" id="s1-s2" name="WebApplicationTest">Armc-Robot-Framework.WebApplicationTest</stat>
<stat pass="4" fail="0" skip="0" id="s1-s2-s1" name="Amazon">Armc-Robot-Framework.WebApplicationTest.Amazon</stat>
<stat pass="4" fail="0" skip="0" id="s1-s2-s1-s1" name="Tests">Armc-Robot-Framework.WebApplicationTest.Amazon.Tests</stat>
<stat pass="4" fail="0" skip="0" id="s1-s2-s1-s1-s1" name="Amazon tests">Armc-Robot-Framework.WebApplicationTest.Amazon.Tests.Amazon tests</stat>
</suite>
</statistics>
<errors>
</errors>
</robot>
