<?xml version="1.0" encoding="UTF-8"?>
<robot generator="Robot 5.0 (Python 3.10.4 on win32)" generated="20220620 18:29:36.263" rpa="false" schemaversion="3">
<suite id="s1" name="Armc-Robot-Framework" source="G:\Automation\armc-robot-framework">
<suite id="s1-s1" name="WebApplicationTest" source="G:\Automation\armc-robot-framework\WebApplicationTest">
<suite id="s1-s1-s1" name="Amazon" source="G:\Automation\armc-robot-framework\WebApplicationTest\Amazon">
<suite id="s1-s1-s1-s1" name="Tests" source="G:\Automation\armc-robot-framework\WebApplicationTest\Amazon\tests">
<suite id="s1-s1-s1-s1-s1" name="Amazon tests" source="G:\Automation\armc-robot-framework\WebApplicationTest\Amazon\tests\Amazon_tests.robot">
<test id="s1-s1-s1-s1-s1-t1" name="CT 03 - Add Product to Cart" line="30">
<kw name="Start Session" library="base" type="SETUP">
<kw name="New Browser" library="Browser">
<arg>${Browser}</arg>
<arg>${Headless}</arg>
<arg>timeout=01:00</arg>
<tag>BrowserControl</tag>
<tag>Setter</tag>
<doc>Create a new playwright Browser with specified options.</doc>
<msg timestamp="20220620 18:29:37.018" level="INFO">{"browser": "chromium", "headless": true, "handleSIGINT": true, "handleSIGTERM": true, "handleSIGHUP": true, "timeout": 60000.0, "devtools": false, "slowMo": 0.0, "tracesDir": "G:\\Automation\\armc-robot-framework\\report\\browser\\traces\\04525468-fe00-4ebe-b810-f382967c1ccf"}</msg>
<msg timestamp="20220620 18:29:38.696" level="INFO">Successfully created browser with options: {"browser":"chromium","headless":true,"handleSIGINT":true,"handleSIGTERM":true,"handleSIGHUP":true,"timeout":60000,"devtools":false,"slowMo":0,"tracesDir":"G:\\Automation\\armc-robot-framework\\report\\browser\\traces\\04525468-fe00-4ebe-b810-f382967c1ccf"}</msg>
<status status="PASS" starttime="20220620 18:29:37.017" endtime="20220620 18:29:38.696"/>
</kw>
<kw name="New Context" library="Browser">
<arg>viewport=${Viewport}</arg>
<arg>colorScheme=${ColorScheme}</arg>
<arg>recordVideo=${RecordVideo}</arg>
<tag>BrowserControl</tag>
<tag>Setter</tag>
<doc>Create a new BrowserContext with specified options.</doc>
<msg timestamp="20220620 18:29:38.698" level="INFO">{"acceptDownloads": true, "ignoreHTTPSErrors": false, "bypassCSP": false, "viewport": {"height": 1000, "width": 1900}, "deviceScaleFactor": 1.0, "isMobile": false, "hasTouch": false, "javaScriptEnabled": true, "offline": false, "colorScheme": "dark", "hideRfBrowser": false, "recordVideo": {"size": {"width": 1920, "height": 1080}, "dir": "G:\\Automation\\armc-robot-framework\\report\\browser\\video\\videos"}, "reducedMotion": "no-preference", "forcedColors": "none"}</msg>
<msg timestamp="20220620 18:29:38.708" level="INFO">Successfully created context. </msg>
<msg timestamp="20220620 18:29:38.708" level="INFO">{'acceptDownloads': True, 'ignoreHTTPSErrors': False, 'bypassCSP': False, 'viewport': {'height': 1000, 'width': 1900}, 'deviceScaleFactor': 1, 'isMobile': False, 'hasTouch': False, 'javaScriptEnabled': True, 'offline': False, 'colorScheme': 'dark', 'hideRfBrowser': False, 'recordVideo': {'size': {'width': 1920, 'height': 1080}, 'dir': 'G:\\Automation\\armc-robot-framework\\report\\browser\\video\\videos'}, 'reducedMotion': 'no-preference', 'forcedColors': 'none'}</msg>
<status status="PASS" starttime="20220620 18:29:38.697" endtime="20220620 18:29:38.708"/>
</kw>
<kw name="New Page" library="Browser">
<arg>${Url}</arg>
<tag>BrowserControl</tag>
<tag>Setter</tag>
<doc>Open a new Page.</doc>
<msg timestamp="20220620 18:29:44.048" level="INFO">Successfully initialized new page object and opened url: https://www.amazon.com.br</msg>
<msg timestamp="20220620 18:29:44.049" level="INFO" html="true">&lt;/td&gt;&lt;/tr&gt;&lt;tr&gt;&lt;td colspan="3"&gt;&lt;video width="1920" height="1080" controls&gt;&lt;source src="browser/video/videos/69d58e77c0cb01f36105e660a6f03cb1.webm" type="video/webm"&gt;&lt;/video&gt;</msg>
<status status="PASS" starttime="20220620 18:29:38.708" endtime="20220620 18:29:44.049"/>
</kw>
<kw name="Get Title" library="Browser">
<arg>==</arg>
<arg>${TitlePage}</arg>
<tag>Assertion</tag>
<tag>Getter</tag>
<tag>PageContent</tag>
<doc>Returns the title of the current page.</doc>
<status status="PASS" starttime="20220620 18:29:44.049" endtime="20220620 18:29:44.054"/>
</kw>
<status status="PASS" starttime="20220620 18:29:37.017" endtime="20220620 18:29:44.054"/>
</kw>
<kw name="Search By" library="header">
<arg>Xbox Series S</arg>
<kw name="Fill Text" library="Browser">
<arg>${SEARCH_BAR}</arg>
<arg>${ProductName}</arg>
<tag>PageContent</tag>
<tag>Setter</tag>
<doc>Clears and fills the given ``txt`` into the text field found by ``selector``.</doc>
<msg timestamp="20220620 18:29:44.056" level="INFO">Fills the text 'Xbox Series S' in the given field.</msg>
<status status="PASS" starttime="20220620 18:29:44.055" endtime="20220620 18:29:44.115"/>
</kw>
<status status="PASS" starttime="20220620 18:29:44.055" endtime="20220620 18:29:44.115"/>
</kw>
<kw name="Click Search Button" library="header">
<kw name="Click" library="Browser">
<arg>${SEARCH_BUTTON}</arg>
<tag>PageContent</tag>
<tag>Setter</tag>
<doc>Simulates mouse click on the element found by ``selector``.</doc>
<status status="PASS" starttime="20220620 18:29:44.117" endtime="20220620 18:29:45.347"/>
</kw>
<status status="PASS" starttime="20220620 18:29:44.116" endtime="20220620 18:29:45.347"/>
</kw>
<kw name="Text Should Be Displayed In The Results Page" library="searchResultsPage">
<arg>RESULTADOS</arg>
<kw name="Wait For Elements State" library="Browser">
<arg>${SPAN_TITLE} &gt;&gt; "${Text}"</arg>
<arg>visible</arg>
<arg>30</arg>
<tag>PageContent</tag>
<tag>Wait</tag>
<doc>Waits for the element found by ``selector`` to satisfy state option.</doc>
<msg timestamp="20220620 18:29:46.659" level="INFO">Waited for Element with selector div[data-cel-widget='search_result_0'] span span &gt;&gt; "RESULTADOS" at state visible</msg>
<status status="PASS" starttime="20220620 18:29:45.348" endtime="20220620 18:29:46.659"/>
</kw>
<status status="PASS" starttime="20220620 18:29:45.347" endtime="20220620 18:29:46.659"/>
</kw>
<kw name="Text Should Be Displayed In The Search Result" library="searchResultsPage">
<arg>Console Xbox Series S</arg>
<kw name="Get Element Count" library="Browser">
<arg>${SPAN_RESULT} &gt;&gt; "${Text}"</arg>
<arg>\&gt;=</arg>
<arg>1</arg>
<tag>Assertion</tag>
<tag>Getter</tag>
<tag>PageContent</tag>
<doc>Returns the count of elements found with ``selector``.</doc>
<status status="PASS" starttime="20220620 18:29:46.660" endtime="20220620 18:29:46.676"/>
</kw>
<kw name="Scroll To Element" library="Browser">
<arg>${SPAN_RESULT} &gt;&gt; "${Text}"</arg>
<tag>PageContent</tag>
<tag>Setter</tag>
<doc>This method waits for actionability checks, then tries to scroll element into view,
unless it is completely visible.</doc>
<status status="PASS" starttime="20220620 18:29:46.677" endtime="20220620 18:29:46.735"/>
</kw>
<status status="PASS" starttime="20220620 18:29:46.660" endtime="20220620 18:29:46.735"/>
</kw>
<kw name="Go To Product Page" library="searchResultsPage">
<arg>Console Xbox Series S</arg>
<kw name="Click" library="Browser">
<arg>${SPAN_RESULT} &gt;&gt; "${Product}"</arg>
<tag>PageContent</tag>
<tag>Setter</tag>
<doc>Simulates mouse click on the element found by ``selector``.</doc>
<status status="PASS" starttime="20220620 18:29:46.736" endtime="20220620 18:29:48.166"/>
</kw>
<status status="PASS" starttime="20220620 18:29:46.736" endtime="20220620 18:29:48.166"/>
</kw>
<kw name="Add To Cart" library="productPage">
<arg>Console Xbox Series S</arg>
<kw name="Get Text" library="Browser">
<arg>${SPAN_PRODUCT_TITLE}</arg>
<arg>==</arg>
<arg>${Product}</arg>
<tag>Assertion</tag>
<tag>Getter</tag>
<tag>PageContent</tag>
<doc>Returns text attribute of the element found by ``selector``.</doc>
<status status="PASS" starttime="20220620 18:29:48.168" endtime="20220620 18:29:48.633"/>
</kw>
<kw name="Click" library="Browser">
<arg>${BTN_ADD_TO_CART}</arg>
<tag>PageContent</tag>
<tag>Setter</tag>
<doc>Simulates mouse click on the element found by ``selector``.</doc>
<status status="PASS" starttime="20220620 18:29:48.633" endtime="20220620 18:29:49.722"/>
</kw>
<status status="PASS" starttime="20220620 18:29:48.167" endtime="20220620 18:29:49.722"/>
</kw>
<kw name="Go To Cart" library="header">
<kw name="Wait For Elements State" library="Browser">
<arg>${CART_BUTTON}</arg>
<arg>visible</arg>
<arg>30</arg>
<tag>PageContent</tag>
<tag>Wait</tag>
<doc>Waits for the element found by ``selector`` to satisfy state option.</doc>
<msg timestamp="20220620 18:29:49.834" level="INFO">Waited for Element with selector a#nav-cart at state visible</msg>
<status status="PASS" starttime="20220620 18:29:49.723" endtime="20220620 18:29:49.834"/>
</kw>
<kw name="Click" library="Browser">
<arg>${CART_BUTTON}</arg>
<tag>PageContent</tag>
<tag>Setter</tag>
<doc>Simulates mouse click on the element found by ``selector``.</doc>
<status status="PASS" starttime="20220620 18:29:49.834" endtime="20220620 18:29:51.650"/>
</kw>
<status status="PASS" starttime="20220620 18:29:49.722" endtime="20220620 18:29:51.650"/>
</kw>
<kw name="Product Should Be In Cart" library="cartPage">
<arg>Console Xbox Series S</arg>
<kw name="Wait For Elements State" library="Browser">
<arg>${DIV_CART_BODY}</arg>
<arg>visible</arg>
<arg>30</arg>
<tag>PageContent</tag>
<tag>Wait</tag>
<doc>Waits for the element found by ``selector`` to satisfy state option.</doc>
<msg timestamp="20220620 18:29:51.840" level="INFO">Waited for Element with selector div#sc-active-cart at state visible</msg>
<status status="PASS" starttime="20220620 18:29:51.651" endtime="20220620 18:29:51.840"/>
</kw>
<kw name="Get Element Count" library="Browser">
<arg>${SPAN_CART_TEXT} &gt;&gt; "${Product}"</arg>
<arg>==</arg>
<arg>1</arg>
<tag>Assertion</tag>
<tag>Getter</tag>
<tag>PageContent</tag>
<doc>Returns the count of elements found with ``selector``.</doc>
<status status="PASS" starttime="20220620 18:29:51.840" endtime="20220620 18:29:51.987"/>
</kw>
<status status="PASS" starttime="20220620 18:29:51.650" endtime="20220620 18:29:51.988"/>
</kw>
<kw name="ScreenShot" library="base" type="TEARDOWN">
<kw name="Take Screenshot" library="Browser">
<tag>PageContent</tag>
<doc>Takes a screenshot of the current window or element and saves it to disk.</doc>
<msg timestamp="20220620 18:29:52.266" level="INFO" html="true">&lt;/td&gt;&lt;/tr&gt;&lt;tr&gt;&lt;td colspan="3"&gt;&lt;a href="browser/screenshot/robotframework-browser-screenshot-1.png"&gt;&lt;img src="browser/screenshot/robotframework-browser-screenshot-1.png" width="800px"&gt;&lt;/a&gt;</msg>
<status status="PASS" starttime="20220620 18:29:51.989" endtime="20220620 18:29:52.266"/>
</kw>
<status status="PASS" starttime="20220620 18:29:51.989" endtime="20220620 18:29:52.266"/>
</kw>
<doc>Testar e verificar a adição de um produto no carrinho de compras</doc>
<tag>add_cart</tag>
<status status="PASS" starttime="20220620 18:29:37.015" endtime="20220620 18:29:52.267"/>
</test>
<kw name="Fechar Navegador" library="base" type="TEARDOWN">
<kw name="Close Browser" library="Browser">
<arg>ALL</arg>
<tag>BrowserControl</tag>
<tag>Setter</tag>
<doc>Closes the current browser.</doc>
<msg timestamp="20220620 18:29:53.092" level="INFO">Closed all browsers</msg>
<status status="PASS" starttime="20220620 18:29:53.061" endtime="20220620 18:29:53.092"/>
</kw>
<status status="PASS" starttime="20220620 18:29:53.061" endtime="20220620 18:29:53.092"/>
</kw>
<doc>Suite de testes para o site Amazon.com.br</doc>
<status status="PASS" starttime="20220620 18:29:36.289" endtime="20220620 18:29:53.093"/>
</suite>
<status status="PASS" starttime="20220620 18:29:36.287" endtime="20220620 18:29:53.096"/>
</suite>
<status status="PASS" starttime="20220620 18:29:36.284" endtime="20220620 18:29:53.097"/>
</suite>
<status status="PASS" starttime="20220620 18:29:36.282" endtime="20220620 18:29:53.098"/>
</suite>
<status status="PASS" starttime="20220620 18:29:36.264" endtime="20220620 18:29:53.099"/>
</suite>
<statistics>
<total>
<stat pass="1" fail="0" skip="0">All Tests</stat>
</total>
<tag>
<stat pass="1" fail="0" skip="0">add_cart</stat>
</tag>
<suite>
<stat pass="1" fail="0" skip="0" id="s1" name="Armc-Robot-Framework">Armc-Robot-Framework</stat>
<stat pass="1" fail="0" skip="0" id="s1-s1" name="WebApplicationTest">Armc-Robot-Framework.WebApplicationTest</stat>
<stat pass="1" fail="0" skip="0" id="s1-s1-s1" name="Amazon">Armc-Robot-Framework.WebApplicationTest.Amazon</stat>
<stat pass="1" fail="0" skip="0" id="s1-s1-s1-s1" name="Tests">Armc-Robot-Framework.WebApplicationTest.Amazon.Tests</stat>
<stat pass="1" fail="0" skip="0" id="s1-s1-s1-s1-s1" name="Amazon tests">Armc-Robot-Framework.WebApplicationTest.Amazon.Tests.Amazon tests</stat>
</suite>
</statistics>
<errors>
</errors>
</robot>
