<?xml version="1.0" encoding="UTF-8"?>
<robot generator="Robot 5.0 (Python 3.10.4 on win32)" generated="20220625 17:03:05.304" rpa="false" schemaversion="3">
<suite id="s1" name="Robot Interactive Console" source="c:\Users\allan\.vscode\extensions\robocorp.robotframework-lsp-0.48.2\src\robotframework_ls\vendored\robotframework_interactive\robot_interactive_console.robot">
<test id="s1-t1" name="Default Task/Test" line="5">
<kw name="Interpreter Main Loop" library="MainLoop">
<kw name="Get An Activity &quot;8&quot;">
<msg timestamp="20220625 17:03:06.385" level="FAIL">No keyword with name 'Get An Activity "8"' found.</msg>
<status status="FAIL" starttime="20220625 17:03:06.385" endtime="20220625 17:03:06.385"/>
</kw>
<kw name="Status Code Should Be">
<arg>200</arg>
<status status="NOT RUN" starttime="20220625 17:03:06.387" endtime="20220625 17:03:06.387"/>
</kw>
<kw name="Response Code Shoul Be &quot;30&quot; items">
<status status="NOT RUN" starttime="20220625 17:03:06.388" endtime="20220625 17:03:06.388"/>
</kw>
<status status="PASS" starttime="20220625 17:03:05.322" endtime="20220625 17:03:07.838"/>
</kw>
<status status="PASS" starttime="20220625 17:03:05.322" endtime="20220625 17:03:07.838"/>
</test>
<status status="PASS" starttime="20220625 17:03:05.305" endtime="20220625 17:03:07.838"/>
</suite>
<statistics>
<total>
<stat pass="1" fail="0" skip="0">All Tests</stat>
</total>
<tag>
</tag>
<suite>
<stat pass="1" fail="0" skip="0" id="s1" name="Robot Interactive Console">Robot Interactive Console</stat>
</suite>
</statistics>
<errors>
</errors>
</robot>
