<?xml version="1.0" encoding="UTF-8"?>
<robot generator="Robot 5.0 (Python 3.10.4 on win32)" generated="20220420 17:57:56.653" rpa="false" schemaversion="3">
<suite id="s1" name="Amazon tests" source="C:\RobotFramework\WebApplicationTest\Amazon\tests\Amazon_tests.robot">
<test id="s1-t1" name="CT 01 - Access &quot;Eletrônicos&quot; Menu" line="11">
<kw name="Start Session" library="base" type="SETUP">
<kw name="New Browser" library="Browser">
<arg>${Browser}</arg>
<arg>${Headless}</arg>
<arg>timeout=01:00</arg>
<tag>BrowserControl</tag>
<tag>Setter</tag>
<doc>Create a new playwright Browser with specified options.</doc>
<msg timestamp="20220420 17:57:57.370" level="INFO">{"browser": "chromium", "headless": true, "handleSIGINT": true, "handleSIGTERM": true, "handleSIGHUP": true, "timeout": 60000.0, "devtools": false, "slowMo": 0.0, "tracesDir": "C:\\RobotFramework\\WebApplicationTest\\Amazon\\results\\browser\\traces\\408c9cda-44ff-468d-85c2-600dd102049d"}</msg>
<msg timestamp="20220420 17:57:58.400" level="INFO">Successfully created browser with options: {"browser":"chromium","headless":true,"handleSIGINT":true,"handleSIGTERM":true,"handleSIGHUP":true,"timeout":60000,"devtools":false,"slowMo":0,"tracesDir":"C:\\RobotFramework\\WebApplicationTest\\Amazon\\results\\browser\\traces\\408c9cda-44ff-468d-85c2-600dd102049d"}</msg>
<status status="PASS" starttime="20220420 17:57:57.370" endtime="20220420 17:57:58.400"/>
</kw>
<kw name="New Context" library="Browser">
<arg>viewport=${Viewport}</arg>
<arg>colorScheme=${ColorScheme}</arg>
<arg>recordVideo=${RecordVideo}</arg>
<tag>BrowserControl</tag>
<tag>Setter</tag>
<doc>Create a new BrowserContext with specified options.</doc>
<msg timestamp="20220420 17:57:58.402" level="INFO">{"acceptDownloads": true, "ignoreHTTPSErrors": false, "bypassCSP": false, "viewport": {"width": 1900, "height": 1000}, "deviceScaleFactor": 1.0, "isMobile": false, "hasTouch": false, "javaScriptEnabled": true, "offline": false, "colorScheme": "dark", "hideRfBrowser": false, "recordVideo": {"dir": "C:\\RobotFramework\\WebApplicationTest\\Amazon\\results\\browser\\video\\videos", "size": {"width": 1920, "height": 1080}}, "reducedMotion": "no-preference", "forcedColors": "none"}</msg>
<msg timestamp="20220420 17:57:58.411" level="INFO">Successfully created context. </msg>
<msg timestamp="20220420 17:57:58.411" level="INFO">{'acceptDownloads': True, 'ignoreHTTPSErrors': False, 'bypassCSP': False, 'viewport': {'width': 1900, 'height': 1000}, 'deviceScaleFactor': 1, 'isMobile': False, 'hasTouch': False, 'javaScriptEnabled': True, 'offline': False, 'colorScheme': 'dark', 'hideRfBrowser': False, 'recordVideo': {'dir': 'C:\\RobotFramework\\WebApplicationTest\\Amazon\\results\\browser\\video\\videos', 'size': {'width': 1920, 'height': 1080}}, 'reducedMotion': 'no-preference', 'forcedColors': 'none'}</msg>
<status status="PASS" starttime="20220420 17:57:58.401" endtime="20220420 17:57:58.411"/>
</kw>
<kw name="New Page" library="Browser">
<arg>${Url}</arg>
<tag>BrowserControl</tag>
<tag>Setter</tag>
<doc>Open a new Page.</doc>
<msg timestamp="20220420 17:58:03.086" level="INFO">Successfully initialized new page object and opened url: https://www.amazon.com.br</msg>
<msg timestamp="20220420 17:58:03.086" level="INFO" html="true">&lt;/td&gt;&lt;/tr&gt;&lt;tr&gt;&lt;td colspan="3"&gt;&lt;video width="1920" height="1080" controls&gt;&lt;source src="browser/video/videos/3c856f6f7ea4055e47afee21091cab5b.webm" type="video/webm"&gt;&lt;/video&gt;</msg>
<status status="PASS" starttime="20220420 17:57:58.411" endtime="20220420 17:58:03.086"/>
</kw>
<kw name="Get Title" library="Browser">
<arg>==</arg>
<arg>${TitlePage}</arg>
<tag>Assertion</tag>
<tag>Getter</tag>
<tag>PageContent</tag>
<doc>Returns the title of the current page.</doc>
<status status="PASS" starttime="20220420 17:58:03.087" endtime="20220420 17:58:03.092"/>
</kw>
<status status="PASS" starttime="20220420 17:57:57.370" endtime="20220420 17:58:03.092"/>
</kw>
<kw name="Click Menu" library="header">
<arg>Eletrônicos</arg>
<kw name="Click" library="Browser">
<arg>${DIV_MENU} &gt;&gt; "${Menu}"</arg>
<tag>PageContent</tag>
<tag>Setter</tag>
<doc>Simulates mouse click on the element found by ``selector``.</doc>
<status status="PASS" starttime="20220420 17:58:03.092" endtime="20220420 17:58:04.049"/>
</kw>
<status status="PASS" starttime="20220420 17:58:03.092" endtime="20220420 17:58:04.049"/>
</kw>
<kw name="Page Title Should Be" library="base">
<arg>Eletrônicos e Tecnologia | Amazon.com.br</arg>
<kw name="Get Title" library="Browser">
<arg>==</arg>
<arg>${PageTitle}</arg>
<tag>Assertion</tag>
<tag>Getter</tag>
<tag>PageContent</tag>
<doc>Returns the title of the current page.</doc>
<status status="PASS" starttime="20220420 17:58:04.050" endtime="20220420 17:58:04.236"/>
</kw>
<status status="PASS" starttime="20220420 17:58:04.049" endtime="20220420 17:58:04.237"/>
</kw>
<kw name="Text Should Be Displayed In The Menu Page" library="menuPage">
<arg>Eletrônicos e Tecnologia</arg>
<kw name="Get Text" library="Browser">
<arg>${H1_TITLE}</arg>
<arg>==</arg>
<arg>${Text}</arg>
<tag>Assertion</tag>
<tag>Getter</tag>
<tag>PageContent</tag>
<doc>Returns text attribute of the element found by ``selector``.</doc>
<status status="PASS" starttime="20220420 17:58:04.237" endtime="20220420 17:58:05.327"/>
</kw>
<status status="PASS" starttime="20220420 17:58:04.237" endtime="20220420 17:58:05.327"/>
</kw>
<kw name="Category Should Be Displayed In The Header" library="menuPage">
<arg>Computadores e Informática</arg>
<kw name="Get Element Count" library="Browser">
<arg>${SPAN_CATEGORY_ITEM} &gt;&gt; "${CategoryText}"</arg>
<arg>==</arg>
<arg>1</arg>
<tag>Assertion</tag>
<tag>Getter</tag>
<tag>PageContent</tag>
<doc>Returns the count of elements found with ``selector``.</doc>
<status status="PASS" starttime="20220420 17:58:05.328" endtime="20220420 17:58:05.408"/>
</kw>
<kw name="Scroll To Element" library="Browser">
<arg>${SPAN_CATEGORY_ITEM} &gt;&gt; "${CategoryText}"</arg>
<tag>PageContent</tag>
<tag>Setter</tag>
<doc>This method waits for actionability checks, then tries to scroll element into view,
unless it is completely visible.</doc>
<status status="PASS" starttime="20220420 17:58:05.409" endtime="20220420 17:58:05.963"/>
</kw>
<status status="PASS" starttime="20220420 17:58:05.327" endtime="20220420 17:58:05.963"/>
</kw>
<kw name="ScreenShot" library="base" type="TEARDOWN">
<kw name="Take Screenshot" library="Browser">
<tag>PageContent</tag>
<doc>Takes a screenshot of the current window or element and saves it to disk.</doc>
<msg timestamp="20220420 17:58:06.368" level="INFO" html="true">&lt;/td&gt;&lt;/tr&gt;&lt;tr&gt;&lt;td colspan="3"&gt;&lt;a href="browser/screenshot/robotframework-browser-screenshot-1.png"&gt;&lt;img src="browser/screenshot/robotframework-browser-screenshot-1.png" width="800px"&gt;&lt;/a&gt;</msg>
<status status="PASS" starttime="20220420 17:58:05.964" endtime="20220420 17:58:06.368"/>
</kw>
<status status="PASS" starttime="20220420 17:58:05.964" endtime="20220420 17:58:06.368"/>
</kw>
<doc>Validar o acesso ao menu "Eletrônicos" e verifica a categoria "Computadores e Informática"</doc>
<tag>category</tag>
<tag>functional</tag>
<tag>menu</tag>
<tag>regression</tag>
<status status="PASS" starttime="20220420 17:57:57.368" endtime="20220420 17:58:06.369"/>
</test>
<test id="s1-t2" name="CT 02 - Search a Product" line="20">
<kw name="Start Session" library="base" type="SETUP">
<kw name="New Browser" library="Browser">
<arg>${Browser}</arg>
<arg>${Headless}</arg>
<arg>timeout=01:00</arg>
<tag>BrowserControl</tag>
<tag>Setter</tag>
<doc>Create a new playwright Browser with specified options.</doc>
<msg timestamp="20220420 17:58:06.772" level="INFO">{"browser": "chromium", "headless": true, "handleSIGINT": true, "handleSIGTERM": true, "handleSIGHUP": true, "timeout": 60000.0, "devtools": false, "slowMo": 0.0, "tracesDir": "C:\\RobotFramework\\WebApplicationTest\\Amazon\\results\\browser\\traces\\ce7dbd4d-1131-4371-a2fe-84d72083c5c0"}</msg>
<msg timestamp="20220420 17:58:07.773" level="INFO">Successfully created browser with options: {"browser":"chromium","headless":true,"handleSIGINT":true,"handleSIGTERM":true,"handleSIGHUP":true,"timeout":60000,"devtools":false,"slowMo":0,"tracesDir":"C:\\RobotFramework\\WebApplicationTest\\Amazon\\results\\browser\\traces\\ce7dbd4d-1131-4371-a2fe-84d72083c5c0"}</msg>
<status status="PASS" starttime="20220420 17:58:06.771" endtime="20220420 17:58:07.774"/>
</kw>
<kw name="New Context" library="Browser">
<arg>viewport=${Viewport}</arg>
<arg>colorScheme=${ColorScheme}</arg>
<arg>recordVideo=${RecordVideo}</arg>
<tag>BrowserControl</tag>
<tag>Setter</tag>
<doc>Create a new BrowserContext with specified options.</doc>
<msg timestamp="20220420 17:58:07.775" level="INFO">{"acceptDownloads": true, "ignoreHTTPSErrors": false, "bypassCSP": false, "viewport": {"width": 1900, "height": 1000}, "deviceScaleFactor": 1.0, "isMobile": false, "hasTouch": false, "javaScriptEnabled": true, "offline": false, "colorScheme": "dark", "hideRfBrowser": false, "recordVideo": {"dir": "C:\\RobotFramework\\WebApplicationTest\\Amazon\\results\\browser\\video\\videos", "size": {"width": 1920, "height": 1080}}, "reducedMotion": "no-preference", "forcedColors": "none"}</msg>
<msg timestamp="20220420 17:58:07.780" level="INFO">Successfully created context. </msg>
<msg timestamp="20220420 17:58:07.780" level="INFO">{'acceptDownloads': True, 'ignoreHTTPSErrors': False, 'bypassCSP': False, 'viewport': {'width': 1900, 'height': 1000}, 'deviceScaleFactor': 1, 'isMobile': False, 'hasTouch': False, 'javaScriptEnabled': True, 'offline': False, 'colorScheme': 'dark', 'hideRfBrowser': False, 'recordVideo': {'dir': 'C:\\RobotFramework\\WebApplicationTest\\Amazon\\results\\browser\\video\\videos', 'size': {'width': 1920, 'height': 1080}}, 'reducedMotion': 'no-preference', 'forcedColors': 'none'}</msg>
<status status="PASS" starttime="20220420 17:58:07.774" endtime="20220420 17:58:07.780"/>
</kw>
<kw name="New Page" library="Browser">
<arg>${Url}</arg>
<tag>BrowserControl</tag>
<tag>Setter</tag>
<doc>Open a new Page.</doc>
<msg timestamp="20220420 17:58:10.048" level="INFO">Successfully initialized new page object and opened url: https://www.amazon.com.br</msg>
<msg timestamp="20220420 17:58:10.048" level="INFO" html="true">&lt;/td&gt;&lt;/tr&gt;&lt;tr&gt;&lt;td colspan="3"&gt;&lt;video width="1920" height="1080" controls&gt;&lt;source src="browser/video/videos/ddfe3ccd7f21710541b52e5433522d26.webm" type="video/webm"&gt;&lt;/video&gt;</msg>
<status status="PASS" starttime="20220420 17:58:07.780" endtime="20220420 17:58:10.049"/>
</kw>
<kw name="Get Title" library="Browser">
<arg>==</arg>
<arg>${TitlePage}</arg>
<tag>Assertion</tag>
<tag>Getter</tag>
<tag>PageContent</tag>
<doc>Returns the title of the current page.</doc>
<status status="PASS" starttime="20220420 17:58:10.049" endtime="20220420 17:58:10.051"/>
</kw>
<status status="PASS" starttime="20220420 17:58:06.771" endtime="20220420 17:58:10.051"/>
</kw>
<kw name="Search By" library="header">
<arg>Xbox Series S</arg>
<kw name="Fill Text" library="Browser">
<arg>${SEARCH_BAR}</arg>
<arg>${ProductName}</arg>
<tag>PageContent</tag>
<tag>Setter</tag>
<doc>Clears and fills the given ``txt`` into the text field found by ``selector``.</doc>
<msg timestamp="20220420 17:58:10.052" level="INFO">Fills the text 'Xbox Series S' in the given field.</msg>
<status status="PASS" starttime="20220420 17:58:10.052" endtime="20220420 17:58:10.096"/>
</kw>
<status status="PASS" starttime="20220420 17:58:10.052" endtime="20220420 17:58:10.097"/>
</kw>
<kw name="Click Search Button" library="header">
<kw name="Click" library="Browser">
<arg>${SEARCH_BUTTON}</arg>
<tag>PageContent</tag>
<tag>Setter</tag>
<doc>Simulates mouse click on the element found by ``selector``.</doc>
<status status="PASS" starttime="20220420 17:58:10.097" endtime="20220420 17:58:10.551"/>
</kw>
<status status="PASS" starttime="20220420 17:58:10.097" endtime="20220420 17:58:10.551"/>
</kw>
<kw name="Text Should Be Displayed In The Results Page" library="searchResultsPage">
<arg>RESULTADOS</arg>
<kw name="Wait For Elements State" library="Browser">
<arg>${SPAN_TITLE} &gt;&gt; "${Text}"</arg>
<arg>visible</arg>
<arg>30</arg>
<tag>PageContent</tag>
<tag>Wait</tag>
<doc>Waits for the element found by ``selector`` to satisfy state option.</doc>
<msg timestamp="20220420 17:58:12.171" level="INFO">Waited for Element with selector div[data-cel-widget='search_result_0'] span span &gt;&gt; "RESULTADOS" at state visible</msg>
<status status="PASS" starttime="20220420 17:58:10.552" endtime="20220420 17:58:12.172"/>
</kw>
<status status="PASS" starttime="20220420 17:58:10.552" endtime="20220420 17:58:12.172"/>
</kw>
<kw name="Text Should Be Displayed In The Search Result" library="searchResultsPage">
<arg>Console Xbox Series S</arg>
<kw name="Get Element Count" library="Browser">
<arg>${SPAN_RESULT} &gt;&gt; "${Text}"</arg>
<arg>\&gt;=</arg>
<arg>1</arg>
<tag>Assertion</tag>
<tag>Getter</tag>
<tag>PageContent</tag>
<doc>Returns the count of elements found with ``selector``.</doc>
<status status="PASS" starttime="20220420 17:58:12.172" endtime="20220420 17:58:12.183"/>
</kw>
<kw name="Scroll To Element" library="Browser">
<arg>${SPAN_RESULT} &gt;&gt; "${Text}"</arg>
<tag>PageContent</tag>
<tag>Setter</tag>
<doc>This method waits for actionability checks, then tries to scroll element into view,
unless it is completely visible.</doc>
<status status="PASS" starttime="20220420 17:58:12.183" endtime="20220420 17:58:12.242"/>
</kw>
<status status="PASS" starttime="20220420 17:58:12.172" endtime="20220420 17:58:12.242"/>
</kw>
<kw name="ScreenShot" library="base" type="TEARDOWN">
<kw name="Take Screenshot" library="Browser">
<tag>PageContent</tag>
<doc>Takes a screenshot of the current window or element and saves it to disk.</doc>
<msg timestamp="20220420 17:58:12.558" level="INFO" html="true">&lt;/td&gt;&lt;/tr&gt;&lt;tr&gt;&lt;td colspan="3"&gt;&lt;a href="browser/screenshot/robotframework-browser-screenshot-2.png"&gt;&lt;img src="browser/screenshot/robotframework-browser-screenshot-2.png" width="800px"&gt;&lt;/a&gt;</msg>
<status status="PASS" starttime="20220420 17:58:12.243" endtime="20220420 17:58:12.558"/>
</kw>
<status status="PASS" starttime="20220420 17:58:12.242" endtime="20220420 17:58:12.558"/>
</kw>
<doc>Testar a busca do produto "Xbox Series S" através do campo de pesquisa
e validar o resultado da pesquisa</doc>
<tag>functional</tag>
<tag>regression</tag>
<tag>search_product</tag>
<status status="PASS" starttime="20220420 17:58:06.768" endtime="20220420 17:58:12.558"/>
</test>
<test id="s1-t3" name="CT 03 - Add Product to Cart" line="30">
<kw name="Start Session" library="base" type="SETUP">
<kw name="New Browser" library="Browser">
<arg>${Browser}</arg>
<arg>${Headless}</arg>
<arg>timeout=01:00</arg>
<tag>BrowserControl</tag>
<tag>Setter</tag>
<doc>Create a new playwright Browser with specified options.</doc>
<msg timestamp="20220420 17:58:12.809" level="INFO">{"browser": "chromium", "headless": true, "handleSIGINT": true, "handleSIGTERM": true, "handleSIGHUP": true, "timeout": 60000.0, "devtools": false, "slowMo": 0.0, "tracesDir": "C:\\RobotFramework\\WebApplicationTest\\Amazon\\results\\browser\\traces\\07d06ff1-4df4-45a6-92be-80e23e6f1845"}</msg>
<msg timestamp="20220420 17:58:13.790" level="INFO">Successfully created browser with options: {"browser":"chromium","headless":true,"handleSIGINT":true,"handleSIGTERM":true,"handleSIGHUP":true,"timeout":60000,"devtools":false,"slowMo":0,"tracesDir":"C:\\RobotFramework\\WebApplicationTest\\Amazon\\results\\browser\\traces\\07d06ff1-4df4-45a6-92be-80e23e6f1845"}</msg>
<status status="PASS" starttime="20220420 17:58:12.808" endtime="20220420 17:58:13.791"/>
</kw>
<kw name="New Context" library="Browser">
<arg>viewport=${Viewport}</arg>
<arg>colorScheme=${ColorScheme}</arg>
<arg>recordVideo=${RecordVideo}</arg>
<tag>BrowserControl</tag>
<tag>Setter</tag>
<doc>Create a new BrowserContext with specified options.</doc>
<msg timestamp="20220420 17:58:13.792" level="INFO">{"acceptDownloads": true, "ignoreHTTPSErrors": false, "bypassCSP": false, "viewport": {"width": 1900, "height": 1000}, "deviceScaleFactor": 1.0, "isMobile": false, "hasTouch": false, "javaScriptEnabled": true, "offline": false, "colorScheme": "dark", "hideRfBrowser": false, "recordVideo": {"dir": "C:\\RobotFramework\\WebApplicationTest\\Amazon\\results\\browser\\video\\videos", "size": {"width": 1920, "height": 1080}}, "reducedMotion": "no-preference", "forcedColors": "none"}</msg>
<msg timestamp="20220420 17:58:13.796" level="INFO">Successfully created context. </msg>
<msg timestamp="20220420 17:58:13.796" level="INFO">{'acceptDownloads': True, 'ignoreHTTPSErrors': False, 'bypassCSP': False, 'viewport': {'width': 1900, 'height': 1000}, 'deviceScaleFactor': 1, 'isMobile': False, 'hasTouch': False, 'javaScriptEnabled': True, 'offline': False, 'colorScheme': 'dark', 'hideRfBrowser': False, 'recordVideo': {'dir': 'C:\\RobotFramework\\WebApplicationTest\\Amazon\\results\\browser\\video\\videos', 'size': {'width': 1920, 'height': 1080}}, 'reducedMotion': 'no-preference', 'forcedColors': 'none'}</msg>
<status status="PASS" starttime="20220420 17:58:13.791" endtime="20220420 17:58:13.796"/>
</kw>
<kw name="New Page" library="Browser">
<arg>${Url}</arg>
<tag>BrowserControl</tag>
<tag>Setter</tag>
<doc>Open a new Page.</doc>
<msg timestamp="20220420 17:58:15.956" level="INFO">Successfully initialized new page object and opened url: https://www.amazon.com.br</msg>
<msg timestamp="20220420 17:58:15.956" level="INFO" html="true">&lt;/td&gt;&lt;/tr&gt;&lt;tr&gt;&lt;td colspan="3"&gt;&lt;video width="1920" height="1080" controls&gt;&lt;source src="browser/video/videos/e67aff83acc8702dbbfc32c81a52d4fa.webm" type="video/webm"&gt;&lt;/video&gt;</msg>
<status status="PASS" starttime="20220420 17:58:13.797" endtime="20220420 17:58:15.956"/>
</kw>
<kw name="Get Title" library="Browser">
<arg>==</arg>
<arg>${TitlePage}</arg>
<tag>Assertion</tag>
<tag>Getter</tag>
<tag>PageContent</tag>
<doc>Returns the title of the current page.</doc>
<status status="PASS" starttime="20220420 17:58:15.957" endtime="20220420 17:58:15.960"/>
</kw>
<status status="PASS" starttime="20220420 17:58:12.808" endtime="20220420 17:58:15.960"/>
</kw>
<kw name="Search By" library="header">
<arg>Xbox Series S</arg>
<kw name="Fill Text" library="Browser">
<arg>${SEARCH_BAR}</arg>
<arg>${ProductName}</arg>
<tag>PageContent</tag>
<tag>Setter</tag>
<doc>Clears and fills the given ``txt`` into the text field found by ``selector``.</doc>
<msg timestamp="20220420 17:58:15.961" level="INFO">Fills the text 'Xbox Series S' in the given field.</msg>
<status status="PASS" starttime="20220420 17:58:15.961" endtime="20220420 17:58:16.010"/>
</kw>
<status status="PASS" starttime="20220420 17:58:15.960" endtime="20220420 17:58:16.010"/>
</kw>
<kw name="Click Search Button" library="header">
<kw name="Click" library="Browser">
<arg>${SEARCH_BUTTON}</arg>
<tag>PageContent</tag>
<tag>Setter</tag>
<doc>Simulates mouse click on the element found by ``selector``.</doc>
<status status="PASS" starttime="20220420 17:58:16.011" endtime="20220420 17:58:16.424"/>
</kw>
<status status="PASS" starttime="20220420 17:58:16.010" endtime="20220420 17:58:16.424"/>
</kw>
<kw name="Text Should Be Displayed In The Results Page" library="searchResultsPage">
<arg>RESULTADOS</arg>
<kw name="Wait For Elements State" library="Browser">
<arg>${SPAN_TITLE} &gt;&gt; "${Text}"</arg>
<arg>visible</arg>
<arg>30</arg>
<tag>PageContent</tag>
<tag>Wait</tag>
<doc>Waits for the element found by ``selector`` to satisfy state option.</doc>
<msg timestamp="20220420 17:58:18.073" level="INFO">Waited for Element with selector div[data-cel-widget='search_result_0'] span span &gt;&gt; "RESULTADOS" at state visible</msg>
<status status="PASS" starttime="20220420 17:58:16.425" endtime="20220420 17:58:18.073"/>
</kw>
<status status="PASS" starttime="20220420 17:58:16.424" endtime="20220420 17:58:18.073"/>
</kw>
<kw name="Text Should Be Displayed In The Search Result" library="searchResultsPage">
<arg>Console Xbox Series S</arg>
<kw name="Get Element Count" library="Browser">
<arg>${SPAN_RESULT} &gt;&gt; "${Text}"</arg>
<arg>\&gt;=</arg>
<arg>1</arg>
<tag>Assertion</tag>
<tag>Getter</tag>
<tag>PageContent</tag>
<doc>Returns the count of elements found with ``selector``.</doc>
<status status="PASS" starttime="20220420 17:58:18.074" endtime="20220420 17:58:18.083"/>
</kw>
<kw name="Scroll To Element" library="Browser">
<arg>${SPAN_RESULT} &gt;&gt; "${Text}"</arg>
<tag>PageContent</tag>
<tag>Setter</tag>
<doc>This method waits for actionability checks, then tries to scroll element into view,
unless it is completely visible.</doc>
<status status="PASS" starttime="20220420 17:58:18.083" endtime="20220420 17:58:18.130"/>
</kw>
<status status="PASS" starttime="20220420 17:58:18.073" endtime="20220420 17:58:18.130"/>
</kw>
<kw name="Go To Product Page" library="searchResultsPage">
<arg>Console Xbox Series S</arg>
<kw name="Click" library="Browser">
<arg>${SPAN_RESULT} &gt;&gt; "${Product}"</arg>
<tag>PageContent</tag>
<tag>Setter</tag>
<doc>Simulates mouse click on the element found by ``selector``.</doc>
<status status="PASS" starttime="20220420 17:58:18.131" endtime="20220420 17:58:18.539"/>
</kw>
<status status="PASS" starttime="20220420 17:58:18.131" endtime="20220420 17:58:18.539"/>
</kw>
<kw name="Add To Cart" library="productPage">
<arg>Console Xbox Series S</arg>
<kw name="Get Text" library="Browser">
<arg>${SPAN_PRODUCT_TITLE}</arg>
<arg>==</arg>
<arg>${Product}</arg>
<tag>Assertion</tag>
<tag>Getter</tag>
<tag>PageContent</tag>
<doc>Returns text attribute of the element found by ``selector``.</doc>
<status status="PASS" starttime="20220420 17:58:18.540" endtime="20220420 17:58:19.644"/>
</kw>
<kw name="Click" library="Browser">
<arg>${BTN_ADD_TO_CART}</arg>
<tag>PageContent</tag>
<tag>Setter</tag>
<doc>Simulates mouse click on the element found by ``selector``.</doc>
<status status="PASS" starttime="20220420 17:58:19.644" endtime="20220420 17:58:20.224"/>
</kw>
<status status="PASS" starttime="20220420 17:58:18.540" endtime="20220420 17:58:20.224"/>
</kw>
<kw name="Go To Cart" library="header">
<kw name="Wait For Elements State" library="Browser">
<arg>${CART_BUTTON}</arg>
<arg>visible</arg>
<arg>30</arg>
<tag>PageContent</tag>
<tag>Wait</tag>
<doc>Waits for the element found by ``selector`` to satisfy state option.</doc>
<msg timestamp="20220420 17:58:20.414" level="INFO">Waited for Element with selector a#nav-cart at state visible</msg>
<status status="PASS" starttime="20220420 17:58:20.225" endtime="20220420 17:58:20.414"/>
</kw>
<kw name="Click" library="Browser">
<arg>${CART_BUTTON}</arg>
<tag>PageContent</tag>
<tag>Setter</tag>
<doc>Simulates mouse click on the element found by ``selector``.</doc>
<status status="PASS" starttime="20220420 17:58:20.414" endtime="20220420 17:58:20.819"/>
</kw>
<status status="PASS" starttime="20220420 17:58:20.225" endtime="20220420 17:58:20.819"/>
</kw>
<kw name="Product Should Be In Cart" library="cartPage">
<arg>Console Xbox Series S</arg>
<kw name="Wait For Elements State" library="Browser">
<arg>${DIV_CART_BODY}</arg>
<arg>visible</arg>
<arg>30</arg>
<tag>PageContent</tag>
<tag>Wait</tag>
<doc>Waits for the element found by ``selector`` to satisfy state option.</doc>
<msg timestamp="20220420 17:58:21.130" level="INFO">Waited for Element with selector div#sc-active-cart at state visible</msg>
<status status="PASS" starttime="20220420 17:58:20.820" endtime="20220420 17:58:21.130"/>
</kw>
<kw name="Get Element Count" library="Browser">
<arg>${SPAN_CART_TEXT} &gt;&gt; "${Product}"</arg>
<arg>==</arg>
<arg>1</arg>
<tag>Assertion</tag>
<tag>Getter</tag>
<tag>PageContent</tag>
<doc>Returns the count of elements found with ``selector``.</doc>
<status status="PASS" starttime="20220420 17:58:21.131" endtime="20220420 17:58:21.434"/>
</kw>
<status status="PASS" starttime="20220420 17:58:20.820" endtime="20220420 17:58:21.435"/>
</kw>
<kw name="ScreenShot" library="base" type="TEARDOWN">
<kw name="Take Screenshot" library="Browser">
<tag>PageContent</tag>
<doc>Takes a screenshot of the current window or element and saves it to disk.</doc>
<msg timestamp="20220420 17:58:21.695" level="INFO" html="true">&lt;/td&gt;&lt;/tr&gt;&lt;tr&gt;&lt;td colspan="3"&gt;&lt;a href="browser/screenshot/robotframework-browser-screenshot-3.png"&gt;&lt;img src="browser/screenshot/robotframework-browser-screenshot-3.png" width="800px"&gt;&lt;/a&gt;</msg>
<status status="PASS" starttime="20220420 17:58:21.436" endtime="20220420 17:58:21.695"/>
</kw>
<status status="PASS" starttime="20220420 17:58:21.435" endtime="20220420 17:58:21.695"/>
</kw>
<doc>Testar e verificar a adição de um produto no carrinho de compras</doc>
<tag>add_cart</tag>
<status status="PASS" starttime="20220420 17:58:12.807" endtime="20220420 17:58:21.695"/>
</test>
<test id="s1-t4" name="CT 04 - Remove Product to Cart" line="43">
<kw name="Start Session" library="base" type="SETUP">
<kw name="New Browser" library="Browser">
<arg>${Browser}</arg>
<arg>${Headless}</arg>
<arg>timeout=01:00</arg>
<tag>BrowserControl</tag>
<tag>Setter</tag>
<doc>Create a new playwright Browser with specified options.</doc>
<msg timestamp="20220420 17:58:21.938" level="INFO">{"browser": "chromium", "headless": true, "handleSIGINT": true, "handleSIGTERM": true, "handleSIGHUP": true, "timeout": 60000.0, "devtools": false, "slowMo": 0.0, "tracesDir": "C:\\RobotFramework\\WebApplicationTest\\Amazon\\results\\browser\\traces\\76183eb5-3007-4c5e-90f9-d0abb16f052a"}</msg>
<msg timestamp="20220420 17:58:22.920" level="INFO">Successfully created browser with options: {"browser":"chromium","headless":true,"handleSIGINT":true,"handleSIGTERM":true,"handleSIGHUP":true,"timeout":60000,"devtools":false,"slowMo":0,"tracesDir":"C:\\RobotFramework\\WebApplicationTest\\Amazon\\results\\browser\\traces\\76183eb5-3007-4c5e-90f9-d0abb16f052a"}</msg>
<status status="PASS" starttime="20220420 17:58:21.938" endtime="20220420 17:58:22.920"/>
</kw>
<kw name="New Context" library="Browser">
<arg>viewport=${Viewport}</arg>
<arg>colorScheme=${ColorScheme}</arg>
<arg>recordVideo=${RecordVideo}</arg>
<tag>BrowserControl</tag>
<tag>Setter</tag>
<doc>Create a new BrowserContext with specified options.</doc>
<msg timestamp="20220420 17:58:22.921" level="INFO">{"acceptDownloads": true, "ignoreHTTPSErrors": false, "bypassCSP": false, "viewport": {"width": 1900, "height": 1000}, "deviceScaleFactor": 1.0, "isMobile": false, "hasTouch": false, "javaScriptEnabled": true, "offline": false, "colorScheme": "dark", "hideRfBrowser": false, "recordVideo": {"dir": "C:\\RobotFramework\\WebApplicationTest\\Amazon\\results\\browser\\video\\videos", "size": {"width": 1920, "height": 1080}}, "reducedMotion": "no-preference", "forcedColors": "none"}</msg>
<msg timestamp="20220420 17:58:22.928" level="INFO">Successfully created context. </msg>
<msg timestamp="20220420 17:58:22.928" level="INFO">{'acceptDownloads': True, 'ignoreHTTPSErrors': False, 'bypassCSP': False, 'viewport': {'width': 1900, 'height': 1000}, 'deviceScaleFactor': 1, 'isMobile': False, 'hasTouch': False, 'javaScriptEnabled': True, 'offline': False, 'colorScheme': 'dark', 'hideRfBrowser': False, 'recordVideo': {'dir': 'C:\\RobotFramework\\WebApplicationTest\\Amazon\\results\\browser\\video\\videos', 'size': {'width': 1920, 'height': 1080}}, 'reducedMotion': 'no-preference', 'forcedColors': 'none'}</msg>
<status status="PASS" starttime="20220420 17:58:22.920" endtime="20220420 17:58:22.928"/>
</kw>
<kw name="New Page" library="Browser">
<arg>${Url}</arg>
<tag>BrowserControl</tag>
<tag>Setter</tag>
<doc>Open a new Page.</doc>
<msg timestamp="20220420 17:58:25.072" level="INFO">Successfully initialized new page object and opened url: https://www.amazon.com.br</msg>
<msg timestamp="20220420 17:58:25.073" level="INFO" html="true">&lt;/td&gt;&lt;/tr&gt;&lt;tr&gt;&lt;td colspan="3"&gt;&lt;video width="1920" height="1080" controls&gt;&lt;source src="browser/video/videos/ac7e95236bba3b5634eea0fbb23115b2.webm" type="video/webm"&gt;&lt;/video&gt;</msg>
<status status="PASS" starttime="20220420 17:58:22.928" endtime="20220420 17:58:25.073"/>
</kw>
<kw name="Get Title" library="Browser">
<arg>==</arg>
<arg>${TitlePage}</arg>
<tag>Assertion</tag>
<tag>Getter</tag>
<tag>PageContent</tag>
<doc>Returns the title of the current page.</doc>
<status status="PASS" starttime="20220420 17:58:25.073" endtime="20220420 17:58:25.076"/>
</kw>
<status status="PASS" starttime="20220420 17:58:21.938" endtime="20220420 17:58:25.076"/>
</kw>
<kw name="Search By" library="header">
<arg>Xbox Series S</arg>
<kw name="Fill Text" library="Browser">
<arg>${SEARCH_BAR}</arg>
<arg>${ProductName}</arg>
<tag>PageContent</tag>
<tag>Setter</tag>
<doc>Clears and fills the given ``txt`` into the text field found by ``selector``.</doc>
<msg timestamp="20220420 17:58:25.077" level="INFO">Fills the text 'Xbox Series S' in the given field.</msg>
<status status="PASS" starttime="20220420 17:58:25.077" endtime="20220420 17:58:25.122"/>
</kw>
<status status="PASS" starttime="20220420 17:58:25.077" endtime="20220420 17:58:25.123"/>
</kw>
<kw name="Click Search Button" library="header">
<kw name="Click" library="Browser">
<arg>${SEARCH_BUTTON}</arg>
<tag>PageContent</tag>
<tag>Setter</tag>
<doc>Simulates mouse click on the element found by ``selector``.</doc>
<status status="PASS" starttime="20220420 17:58:25.124" endtime="20220420 17:58:25.505"/>
</kw>
<status status="PASS" starttime="20220420 17:58:25.123" endtime="20220420 17:58:25.505"/>
</kw>
<kw name="Text Should Be Displayed In The Results Page" library="searchResultsPage">
<arg>RESULTADOS</arg>
<kw name="Wait For Elements State" library="Browser">
<arg>${SPAN_TITLE} &gt;&gt; "${Text}"</arg>
<arg>visible</arg>
<arg>30</arg>
<tag>PageContent</tag>
<tag>Wait</tag>
<doc>Waits for the element found by ``selector`` to satisfy state option.</doc>
<msg timestamp="20220420 17:58:27.055" level="INFO">Waited for Element with selector div[data-cel-widget='search_result_0'] span span &gt;&gt; "RESULTADOS" at state visible</msg>
<status status="PASS" starttime="20220420 17:58:25.506" endtime="20220420 17:58:27.055"/>
</kw>
<status status="PASS" starttime="20220420 17:58:25.506" endtime="20220420 17:58:27.056"/>
</kw>
<kw name="Text Should Be Displayed In The Search Result" library="searchResultsPage">
<arg>Console Xbox Series S</arg>
<kw name="Get Element Count" library="Browser">
<arg>${SPAN_RESULT} &gt;&gt; "${Text}"</arg>
<arg>\&gt;=</arg>
<arg>1</arg>
<tag>Assertion</tag>
<tag>Getter</tag>
<tag>PageContent</tag>
<doc>Returns the count of elements found with ``selector``.</doc>
<status status="PASS" starttime="20220420 17:58:27.056" endtime="20220420 17:58:27.066"/>
</kw>
<kw name="Scroll To Element" library="Browser">
<arg>${SPAN_RESULT} &gt;&gt; "${Text}"</arg>
<tag>PageContent</tag>
<tag>Setter</tag>
<doc>This method waits for actionability checks, then tries to scroll element into view,
unless it is completely visible.</doc>
<status status="PASS" starttime="20220420 17:58:27.066" endtime="20220420 17:58:27.112"/>
</kw>
<status status="PASS" starttime="20220420 17:58:27.056" endtime="20220420 17:58:27.112"/>
</kw>
<kw name="Go To Product Page" library="searchResultsPage">
<arg>Console Xbox Series S</arg>
<kw name="Click" library="Browser">
<arg>${SPAN_RESULT} &gt;&gt; "${Product}"</arg>
<tag>PageContent</tag>
<tag>Setter</tag>
<doc>Simulates mouse click on the element found by ``selector``.</doc>
<status status="PASS" starttime="20220420 17:58:27.113" endtime="20220420 17:58:27.534"/>
</kw>
<status status="PASS" starttime="20220420 17:58:27.113" endtime="20220420 17:58:27.535"/>
</kw>
<kw name="Add To Cart" library="productPage">
<arg>Console Xbox Series S</arg>
<kw name="Get Text" library="Browser">
<arg>${SPAN_PRODUCT_TITLE}</arg>
<arg>==</arg>
<arg>${Product}</arg>
<tag>Assertion</tag>
<tag>Getter</tag>
<tag>PageContent</tag>
<doc>Returns text attribute of the element found by ``selector``.</doc>
<status status="PASS" starttime="20220420 17:58:27.536" endtime="20220420 17:58:28.713"/>
</kw>
<kw name="Click" library="Browser">
<arg>${BTN_ADD_TO_CART}</arg>
<tag>PageContent</tag>
<tag>Setter</tag>
<doc>Simulates mouse click on the element found by ``selector``.</doc>
<status status="PASS" starttime="20220420 17:58:28.714" endtime="20220420 17:58:29.246"/>
</kw>
<status status="PASS" starttime="20220420 17:58:27.535" endtime="20220420 17:58:29.246"/>
</kw>
<kw name="Go To Cart" library="header">
<kw name="Wait For Elements State" library="Browser">
<arg>${CART_BUTTON}</arg>
<arg>visible</arg>
<arg>30</arg>
<tag>PageContent</tag>
<tag>Wait</tag>
<doc>Waits for the element found by ``selector`` to satisfy state option.</doc>
<msg timestamp="20220420 17:58:29.447" level="INFO">Waited for Element with selector a#nav-cart at state visible</msg>
<status status="PASS" starttime="20220420 17:58:29.247" endtime="20220420 17:58:29.447"/>
</kw>
<kw name="Click" library="Browser">
<arg>${CART_BUTTON}</arg>
<tag>PageContent</tag>
<tag>Setter</tag>
<doc>Simulates mouse click on the element found by ``selector``.</doc>
<status status="PASS" starttime="20220420 17:58:29.447" endtime="20220420 17:58:29.869"/>
</kw>
<status status="PASS" starttime="20220420 17:58:29.247" endtime="20220420 17:58:29.869"/>
</kw>
<kw name="Product Should Be In Cart" library="cartPage">
<arg>Console Xbox Series S</arg>
<kw name="Wait For Elements State" library="Browser">
<arg>${DIV_CART_BODY}</arg>
<arg>visible</arg>
<arg>30</arg>
<tag>PageContent</tag>
<tag>Wait</tag>
<doc>Waits for the element found by ``selector`` to satisfy state option.</doc>
<msg timestamp="20220420 17:58:30.080" level="INFO">Waited for Element with selector div#sc-active-cart at state visible</msg>
<status status="PASS" starttime="20220420 17:58:29.870" endtime="20220420 17:58:30.080"/>
</kw>
<kw name="Get Element Count" library="Browser">
<arg>${SPAN_CART_TEXT} &gt;&gt; "${Product}"</arg>
<arg>==</arg>
<arg>1</arg>
<tag>Assertion</tag>
<tag>Getter</tag>
<tag>PageContent</tag>
<doc>Returns the count of elements found with ``selector``.</doc>
<status status="PASS" starttime="20220420 17:58:30.080" endtime="20220420 17:58:30.509"/>
</kw>
<status status="PASS" starttime="20220420 17:58:29.870" endtime="20220420 17:58:30.509"/>
</kw>
<kw name="Remove A Product From Cart" library="cartPage">
<arg>Console Xbox Series S</arg>
<kw name="Click" library="Browser">
<arg>xpath=//span[contains(@class,'a-size-medium')]//span[contains(@class,'a-truncate-cut') and .='${Product}']/../../../../../../..//input[@value='Excluir']</arg>
<tag>PageContent</tag>
<tag>Setter</tag>
<doc>Simulates mouse click on the element found by ``selector``.</doc>
<status status="PASS" starttime="20220420 17:58:30.510" endtime="20220420 17:58:30.680"/>
</kw>
<status status="PASS" starttime="20220420 17:58:30.510" endtime="20220420 17:58:30.680"/>
</kw>
<kw name="Cart Should Be Empty" library="cartPage">
<kw name="Get Text" library="Browser">
<arg>${H1_CART_EMPTY}</arg>
<arg>==</arg>
<arg>${TextCartEmpty}</arg>
<tag>Assertion</tag>
<tag>Getter</tag>
<tag>PageContent</tag>
<doc>Returns text attribute of the element found by ``selector``.</doc>
<status status="PASS" starttime="20220420 17:58:30.681" endtime="20220420 17:58:31.163"/>
</kw>
<status status="PASS" starttime="20220420 17:58:30.681" endtime="20220420 17:58:31.163"/>
</kw>
<kw name="ScreenShot" library="base" type="TEARDOWN">
<kw name="Take Screenshot" library="Browser">
<tag>PageContent</tag>
<doc>Takes a screenshot of the current window or element and saves it to disk.</doc>
<msg timestamp="20220420 17:58:31.425" level="INFO" html="true">&lt;/td&gt;&lt;/tr&gt;&lt;tr&gt;&lt;td colspan="3"&gt;&lt;a href="browser/screenshot/robotframework-browser-screenshot-4.png"&gt;&lt;img src="browser/screenshot/robotframework-browser-screenshot-4.png" width="800px"&gt;&lt;/a&gt;</msg>
<status status="PASS" starttime="20220420 17:58:31.164" endtime="20220420 17:58:31.425"/>
</kw>
<status status="PASS" starttime="20220420 17:58:31.164" endtime="20220420 17:58:31.426"/>
</kw>
<doc>Testar e verificar a remoção de um produto no carrinho de compras</doc>
<tag>remove_cart</tag>
<status status="PASS" starttime="20220420 17:58:21.935" endtime="20220420 17:58:31.426"/>
</test>
<kw name="Fechar Navegador" library="base" type="TEARDOWN">
<kw name="Close Browser" library="Browser">
<arg>ALL</arg>
<tag>BrowserControl</tag>
<tag>Setter</tag>
<doc>Closes the current browser.</doc>
<msg timestamp="20220420 17:58:32.015" level="INFO">Closed all browsers</msg>
<status status="PASS" starttime="20220420 17:58:31.933" endtime="20220420 17:58:32.015"/>
</kw>
<status status="PASS" starttime="20220420 17:58:31.933" endtime="20220420 17:58:32.015"/>
</kw>
<doc>Suite de testes para o site Amazon.com.br</doc>
<status status="PASS" starttime="20220420 17:57:56.654" endtime="20220420 17:58:32.015"/>
</suite>
<statistics>
<total>
<stat pass="4" fail="0" skip="0">All Tests</stat>
</total>
<tag>
<stat pass="1" fail="0" skip="0">add_cart</stat>
<stat pass="1" fail="0" skip="0">category</stat>
<stat pass="2" fail="0" skip="0">functional</stat>
<stat pass="1" fail="0" skip="0">menu</stat>
<stat pass="2" fail="0" skip="0">regression</stat>
<stat pass="1" fail="0" skip="0">remove_cart</stat>
<stat pass="1" fail="0" skip="0">search_product</stat>
</tag>
<suite>
<stat pass="4" fail="0" skip="0" id="s1" name="Amazon tests">Amazon tests</stat>
</suite>
</statistics>
<errors>
</errors>
</robot>
