<?xml version="1.0" encoding="UTF-8"?>
<robot generator="Robot 5.0 (Python 3.10.4 on win32)" generated="20220623 00:31:07.343" rpa="false" schemaversion="3">
<suite id="s1" name="Robot Interactive Console" source="c:\Users\allan\.vscode\extensions\robocorp.robotframework-lsp-0.48.2\src\robotframework_ls\vendored\robotframework_interactive\robot_interactive_console.robot">
<test id="s1-t1" name="Default Task/Test" line="5">
<kw name="Interpreter Main Loop" library="MainLoop">
<status status="PASS" starttime="20220623 00:31:07.365" endtime="20220623 00:35:07.530"/>
</kw>
<status status="PASS" starttime="20220623 00:31:07.364" endtime="20220623 00:35:07.530"/>
</test>
<status status="PASS" starttime="20220623 00:31:07.344" endtime="20220623 00:35:07.531"/>
</suite>
<statistics>
<total>
<stat pass="1" fail="0" skip="0">All Tests</stat>
</total>
<tag>
</tag>
<suite>
<stat pass="1" fail="0" skip="0" id="s1" name="Robot Interactive Console">Robot Interactive Console</stat>
</suite>
</statistics>
<errors>
</errors>
</robot>
